RUN	computerdatabase.ComputerDatabaseSimulation	computerdatabasesimulation	1677855524820	 	3.9.2
USER	Admins	START	1677855525401
USER	Users	START	1677855525401
REQUEST		Home	1677855525385	1677855525763	OK	 
REQUEST		Home	1677855525385	1677855525763	OK	 
REQUEST		Home Redirect 1	1677855525769	1677855525876	OK	 
REQUEST		Home Redirect 1	1677855525769	1677855525876	OK	 
USER	Users	START	1677855526362
REQUEST		Home	1677855526362	1677855526717	OK	 
REQUEST		Home Redirect 1	1677855526718	1677855526814	OK	 
REQUEST		Search	1677855526894	1677855526989	OK	 
REQUEST		Search	1677855526894	1677855526989	OK	 
USER	Users	START	1677855527373
REQUEST		Home	1677855527372	1677855527734	OK	 
REQUEST		Home Redirect 1	1677855527734	1677855527831	OK	 
REQUEST		Search	1677855527824	1677855527918	OK	 
REQUEST		Select	1677855528060	1677855528159	OK	 
REQUEST		Select	1677855528060	1677855528159	OK	 
USER	Users	START	1677855528355
REQUEST		Home	1677855528354	1677855528709	OK	 
REQUEST		Home Redirect 1	1677855528710	1677855528808	OK	 
REQUEST		Search	1677855528835	1677855528931	OK	 
REQUEST		Select	1677855528929	1677855529018	OK	 
REQUEST		Page 0	1677855529178	1677855529274	OK	 
REQUEST		Page 0	1677855529178	1677855529274	OK	 
USER	Users	START	1677855529360
REQUEST		Home	1677855529360	1677855529764	OK	 
REQUEST		Home Redirect 1	1677855529764	1677855529859	OK	 
REQUEST		Search	1677855529810	1677855529904	OK	 
REQUEST		Select	1677855529948	1677855530042	OK	 
REQUEST		Page 0	1677855530026	1677855530119	OK	 
USER	Users	START	1677855530366
USER	Admins	START	1677855530366
REQUEST		Page 1	1677855530288	1677855530383	OK	 
REQUEST		Page 1	1677855530288	1677855530383	OK	 
REQUEST		Home	1677855530366	1677855530719	OK	 
REQUEST		Home	1677855530366	1677855530747	OK	 
REQUEST		Home Redirect 1	1677855530719	1677855530813	OK	 
REQUEST		Home Redirect 1	1677855530747	1677855530840	OK	 
REQUEST		Search	1677855530864	1677855530953	OK	 
REQUEST		Select	1677855530911	1677855531003	OK	 
REQUEST		Page 0	1677855531050	1677855531140	OK	 
REQUEST		Page 1	1677855531128	1677855531221	OK	 
USER	Users	START	1677855531362
REQUEST		Page 2	1677855531394	1677855531483	OK	 
REQUEST		Page 2	1677855531394	1677855531483	OK	 
REQUEST		Home	1677855531362	1677855531799	OK	 
REQUEST		Home Redirect 1	1677855531799	1677855531894	OK	 
REQUEST		Search	1677855531829	1677855531918	OK	 
REQUEST		Search	1677855531844	1677855531933	OK	 
REQUEST		Select	1677855531967	1677855532059	OK	 
REQUEST		Page 0	1677855532013	1677855532106	OK	 
REQUEST		Page 1	1677855532155	1677855532243	OK	 
REQUEST		Page 2	1677855532232	1677855532321	OK	 
USER	Users	START	1677855532356
REQUEST		Page 3	1677855532496	1677855532585	OK	 
REQUEST		Page 3	1677855532496	1677855532585	OK	 
REQUEST		Home	1677855532356	1677855532706	OK	 
REQUEST		Home Redirect 1	1677855532706	1677855532801	OK	 
REQUEST		Search	1677855532899	1677855532993	OK	 
REQUEST		Select	1677855532930	1677855533063	OK	 
REQUEST		Select	1677855532946	1677855533063	OK	 
REQUEST		Page 0	1677855533069	1677855533162	OK	 
REQUEST		Page 1	1677855533118	1677855533211	OK	 
REQUEST		Page 2	1677855533258	1677855533350	OK	 
USER	Users	START	1677855533366
REQUEST		Page 3	1677855533335	1677855533428	OK	 
USER	Users	END	1677855533602
REQUEST		Form	1677855533600	1677855533689	OK	 
REQUEST		Home	1677855533365	1677855533714	OK	 
REQUEST		Home Redirect 1	1677855533714	1677855533803	OK	 
REQUEST		Search	1677855533802	1677855533896	OK	 
REQUEST		Select	1677855534004	1677855534096	OK	 
REQUEST		Page 0	1677855534066	1677855534155	OK	 
REQUEST		Page 0	1677855534066	1677855534155	OK	 
REQUEST		Page 1	1677855534174	1677855534263	OK	 
REQUEST		Page 2	1677855534221	1677855534315	OK	 
USER	Users	START	1677855534359
USER	Users	END	1677855534437
REQUEST		Page 3	1677855534359	1677855534452	OK	 
REQUEST		Home	1677855534359	1677855534734	OK	 
REQUEST		Post	1677855534705	1677855534793	OK	 
REQUEST		Home Redirect 1	1677855534734	1677855534824	OK	 
REQUEST		Post Redirect 1	1677855534798	1677855534886	OK	 
USER	Admins	END	1677855534888
REQUEST		Search	1677855534813	1677855534901	OK	 
REQUEST		Select	1677855534904	1677855534994	OK	 
REQUEST		Page 0	1677855535106	1677855535199	OK	 
REQUEST		Page 1	1677855535167	1677855535256	OK	 
REQUEST		Page 1	1677855535167	1677855535256	OK	 
REQUEST		Page 2	1677855535276	1677855535365	OK	 
REQUEST		Page 3	1677855535323	1677855535412	OK	 
USER	Users	END	1677855535462
REQUEST		Search	1677855535837	1677855535926	OK	 
REQUEST		Select	1677855535915	1677855536007	OK	 
REQUEST		Page 0	1677855536008	1677855536096	OK	 
REQUEST		Page 1	1677855536209	1677855536302	OK	 
REQUEST		Page 2	1677855536270	1677855536360	OK	 
REQUEST		Page 2	1677855536270	1677855536360	OK	 
USER	Users	END	1677855536424
REQUEST		Page 3	1677855536378	1677855536465	OK	 
REQUEST		Select	1677855536941	1677855537029	OK	 
REQUEST		Page 0	1677855537017	1677855537106	OK	 
REQUEST		Page 1	1677855537109	1677855537198	OK	 
REQUEST		Page 2	1677855537308	1677855537401	OK	 
REQUEST		Page 3	1677855537361	1677855537450	OK	 
REQUEST		Page 3	1677855537361	1677855537450	OK	 
USER	Users	END	1677855537480
REQUEST		Page 0	1677855538035	1677855538126	OK	 
REQUEST		Page 1	1677855538114	1677855538203	OK	 
REQUEST		Page 2	1677855538206	1677855538295	OK	 
USER	Users	END	1677855538453
REQUEST		Page 3	1677855538408	1677855538502	OK	 
REQUEST		Form	1677855538453	1677855538542	OK	 
REQUEST		Page 1	1677855539135	1677855539225	OK	 
REQUEST		Page 2	1677855539212	1677855539301	OK	 
REQUEST		Page 3	1677855539304	1677855539392	OK	 
USER	Users	END	1677855539511
REQUEST		Post	1677855539556	1677855539644	OK	 
REQUEST		Post Redirect 1	1677855539644	1677855539733	OK	 
USER	Admins	END	1677855539734
REQUEST		Page 2	1677855540227	1677855540315	OK	 
REQUEST		Page 3	1677855540303	1677855540392	OK	 
USER	Users	END	1677855540396
USER	Users	END	1677855541408
REQUEST		Page 3	1677855541331	1677855541419	OK	 
USER	Users	END	1677855542420
