RUN	computerdatabase.ComputerDatabaseSimulation	computerdatabasesimulation	1677855675058	 	3.9.2
USER	Admins	START	1677855675671
USER	Users	START	1677855675671
REQUEST		Home	1677855675655	1677855676030	OK	 
REQUEST		Home	1677855675655	1677855676027	OK	 
REQUEST		Home Redirect 1	1677855676032	1677855676137	OK	 
REQUEST		Home Redirect 1	1677855676032	1677855676136	OK	 
USER	Users	START	1677855676636
REQUEST		Home	1677855676635	1677855676987	OK	 
REQUEST		Home Redirect 1	1677855676987	1677855677081	OK	 
REQUEST		Search	1677855677152	1677855677241	OK	 
REQUEST		Search	1677855677152	1677855677245	OK	 
USER	Users	START	1677855677632
REQUEST		Home	1677855677631	1677855677982	OK	 
REQUEST		Home Redirect 1	1677855677983	1677855678076	OK	 
REQUEST		Search	1677855678095	1677855678184	OK	 
REQUEST		Select	1677855678312	1677855678402	OK	 
REQUEST		Select	1677855678312	1677855678405	OK	 
USER	Users	START	1677855678641
REQUEST		Home	1677855678641	1677855678994	OK	 
REQUEST		Home Redirect 1	1677855678994	1677855679091	OK	 
REQUEST		Search	1677855679090	1677855679179	OK	 
REQUEST		Select	1677855679197	1677855679286	OK	 
REQUEST		Page 0	1677855679417	1677855679506	OK	 
REQUEST		Page 0	1677855679417	1677855679524	OK	 
USER	Users	START	1677855679633
REQUEST		Home	1677855679633	1677855679987	OK	 
REQUEST		Home Redirect 1	1677855679987	1677855680084	OK	 
REQUEST		Search	1677855680103	1677855680195	OK	 
REQUEST		Select	1677855680195	1677855680284	OK	 
REQUEST		Page 0	1677855680302	1677855680392	OK	 
REQUEST		Page 1	1677855680519	1677855680608	OK	 
REQUEST		Page 1	1677855680534	1677855680628	OK	 
USER	Admins	START	1677855680629
USER	Users	START	1677855680629
REQUEST		Home	1677855680628	1677855680980	OK	 
REQUEST		Home	1677855680628	1677855680982	OK	 
REQUEST		Home Redirect 1	1677855680980	1677855681072	OK	 
REQUEST		Home Redirect 1	1677855680982	1677855681075	OK	 
REQUEST		Search	1677855681100	1677855681195	OK	 
REQUEST		Select	1677855681207	1677855681300	OK	 
REQUEST		Page 0	1677855681287	1677855681380	OK	 
REQUEST		Page 1	1677855681395	1677855681486	OK	 
USER	Users	START	1677855681632
REQUEST		Page 2	1677855681615	1677855681705	OK	 
REQUEST		Page 2	1677855681630	1677855681718	OK	 
REQUEST		Home	1677855681630	1677855681985	OK	 
REQUEST		Home Redirect 1	1677855681985	1677855682080	OK	 
REQUEST		Search	1677855682084	1677855682172	OK	 
REQUEST		Search	1677855682084	1677855682177	OK	 
REQUEST		Select	1677855682208	1677855682300	OK	 
REQUEST		Page 0	1677855682302	1677855682391	OK	 
REQUEST		Page 1	1677855682395	1677855682482	OK	 
REQUEST		Page 2	1677855682503	1677855682591	OK	 
USER	Users	START	1677855682645
REQUEST		Page 3	1677855682707	1677855682795	OK	 
REQUEST		Page 3	1677855682722	1677855682810	OK	 
REQUEST		Home	1677855682645	1677855682992	OK	 
REQUEST		Home Redirect 1	1677855682992	1677855683080	OK	 
REQUEST		Search	1677855683095	1677855683187	OK	 
REQUEST		Select	1677855683188	1677855683276	OK	 
REQUEST		Select	1677855683188	1677855683276	OK	 
REQUEST		Page 0	1677855683312	1677855683401	OK	 
REQUEST		Page 1	1677855683405	1677855683494	OK	 
REQUEST		Page 2	1677855683498	1677855683586	OK	 
USER	Users	START	1677855683639
REQUEST		Page 3	1677855683608	1677855683696	OK	 
USER	Users	END	1677855683809
REQUEST		Form	1677855683824	1677855683933	OK	 
REQUEST		Home	1677855683638	1677855684024	OK	 
REQUEST		Home Redirect 1	1677855684024	1677855684117	OK	 
REQUEST		Search	1677855684091	1677855684179	OK	 
REQUEST		Select	1677855684200	1677855684291	OK	 
REQUEST		Page 0	1677855684278	1677855684366	OK	 
REQUEST		Page 0	1677855684278	1677855684366	OK	 
REQUEST		Page 1	1677855684404	1677855684493	OK	 
REQUEST		Page 2	1677855684498	1677855684587	OK	 
USER	Users	START	1677855684639
REQUEST		Page 3	1677855684591	1677855684679	OK	 
USER	Users	END	1677855684699
REQUEST		Home	1677855684638	1677855684996	OK	 
REQUEST		Post	1677855684938	1677855685027	OK	 
REQUEST		Home Redirect 1	1677855684997	1677855685086	OK	 
REQUEST		Post Redirect 1	1677855685033	1677855685120	OK	 
USER	Admins	END	1677855685122
REQUEST		Search	1677855685126	1677855685219	OK	 
REQUEST		Select	1677855685187	1677855685275	OK	 
REQUEST		Page 0	1677855685297	1677855685388	OK	 
REQUEST		Page 1	1677855685375	1677855685464	OK	 
REQUEST		Page 1	1677855685375	1677855685464	OK	 
REQUEST		Page 2	1677855685499	1677855685587	OK	 
REQUEST		Page 3	1677855685594	1677855685682	OK	 
USER	Users	END	1677855685689
REQUEST		Search	1677855686097	1677855686191	OK	 
REQUEST		Select	1677855686236	1677855686329	OK	 
REQUEST		Page 0	1677855686282	1677855686370	OK	 
REQUEST		Page 1	1677855686391	1677855686483	OK	 
REQUEST		Page 2	1677855686469	1677855686559	OK	 
REQUEST		Page 2	1677855686469	1677855686559	OK	 
REQUEST		Page 3	1677855686592	1677855686681	OK	 
USER	Users	END	1677855686688
REQUEST		Select	1677855687202	1677855687296	OK	 
REQUEST		Page 0	1677855687342	1677855687434	OK	 
REQUEST		Page 1	1677855687373	1677855687461	OK	 
REQUEST		Page 2	1677855687496	1677855687590	OK	 
REQUEST		Page 3	1677855687573	1677855687662	OK	 
REQUEST		Page 3	1677855687573	1677855687662	OK	 
USER	Users	END	1677855687697
REQUEST		Page 0	1677855688299	1677855688392	OK	 
REQUEST		Page 1	1677855688436	1677855688532	OK	 
REQUEST		Page 2	1677855688467	1677855688556	OK	 
USER	Users	END	1677855688669
REQUEST		Page 3	1677855688591	1677855688684	OK	 
REQUEST		Form	1677855688669	1677855688756	OK	 
REQUEST		Page 1	1677855689398	1677855689491	OK	 
REQUEST		Page 2	1677855689540	1677855689629	OK	 
REQUEST		Page 3	1677855689571	1677855689659	OK	 
USER	Users	END	1677855689695
REQUEST		Post	1677855689771	1677855689858	OK	 
REQUEST		Post Redirect 1	1677855689858	1677855689946	KO	status.find.is(201), but actually found 200
REQUEST		Form	1677855689950	1677855690038	OK	 
REQUEST		Page 2	1677855690505	1677855690597	OK	 
USER	Users	END	1677855690664
REQUEST		Page 3	1677855690632	1677855690720	OK	 
REQUEST		Post	1677855691054	1677855691141	OK	 
REQUEST		Post Redirect 1	1677855691141	1677855691229	KO	status.find.is(201), but actually found 200
USER	Admins	END	1677855691230
REQUEST		Page 3	1677855691601	1677855691694	OK	 
USER	Users	END	1677855691725
USER	Users	END	1677855692704
