RUN	computerdatabase.ComputerDatabaseSimulation	computerdatabasesimulation	1677855268515	 	3.9.2
USER	Admins	START	1677855269024
USER	Users	START	1677855269024
REQUEST		Home	1677855269009	1677855269415	OK	 
REQUEST		Home	1677855269009	1677855269418	OK	 
REQUEST		Home Redirect 1	1677855269421	1677855269525	OK	 
REQUEST		Home Redirect 1	1677855269421	1677855269524	OK	 
USER	Users	START	1677855269995
REQUEST		Home	1677855269994	1677855270387	OK	 
REQUEST		Home Redirect 1	1677855270387	1677855270483	OK	 
REQUEST		Search	1677855270538	1677855270632	OK	 
REQUEST		Search	1677855270538	1677855270633	OK	 
USER	Users	START	1677855270997
REQUEST		Home	1677855270996	1677855271348	OK	 
REQUEST		Home Redirect 1	1677855271349	1677855271446	OK	 
REQUEST		Search	1677855271488	1677855271581	OK	 
REQUEST		Select	1677855271706	1677855271801	OK	 
REQUEST		Select	1677855271706	1677855271800	OK	 
USER	Users	START	1677855272000
REQUEST		Home	1677855271999	1677855272353	OK	 
REQUEST		Home Redirect 1	1677855272354	1677855272451	OK	 
REQUEST		Search	1677855272462	1677855272554	OK	 
REQUEST		Select	1677855272586	1677855272679	OK	 
REQUEST		Page 0	1677855272822	1677855272917	OK	 
REQUEST		Page 0	1677855272822	1677855272917	OK	 
USER	Users	START	1677855272990
REQUEST		Home	1677855272989	1677855273342	OK	 
REQUEST		Home Redirect 1	1677855273342	1677855273436	OK	 
REQUEST		Search	1677855273453	1677855273546	OK	 
REQUEST		Select	1677855273561	1677855273656	OK	 
REQUEST		Page 0	1677855273686	1677855273779	OK	 
USER	Admins	START	1677855273997
USER	Users	START	1677855273997
REQUEST		Page 1	1677855273934	1677855274032	OK	 
REQUEST		Page 1	1677855273934	1677855274032	OK	 
REQUEST		Home	1677855273996	1677855274346	OK	 
REQUEST		Home	1677855273996	1677855274349	OK	 
REQUEST		Home Redirect 1	1677855274346	1677855274435	OK	 
REQUEST		Home Redirect 1	1677855274350	1677855274442	OK	 
REQUEST		Search	1677855274447	1677855274540	OK	 
REQUEST		Select	1677855274556	1677855274644	OK	 
REQUEST		Page 0	1677855274663	1677855274755	OK	 
REQUEST		Page 1	1677855274789	1677855274878	OK	 
USER	Users	START	1677855275006
REQUEST		Page 2	1677855275035	1677855275128	OK	 
REQUEST		Page 2	1677855275035	1677855275130	OK	 
REQUEST		Home	1677855275005	1677855275353	OK	 
REQUEST		Home Redirect 1	1677855275353	1677855275442	OK	 
REQUEST		Search	1677855275438	1677855275526	OK	 
REQUEST		Search	1677855275454	1677855275545	OK	 
REQUEST		Select	1677855275548	1677855275648	OK	 
REQUEST		Page 0	1677855275656	1677855275744	OK	 
REQUEST		Page 1	1677855275763	1677855275851	OK	 
REQUEST		Page 2	1677855275889	1677855275978	OK	 
USER	Users	START	1677855275998
REQUEST		Page 3	1677855276136	1677855276232	OK	 
REQUEST		Page 3	1677855276136	1677855276234	OK	 
REQUEST		Home	1677855275997	1677855276355	OK	 
REQUEST		Home Redirect 1	1677855276355	1677855276448	OK	 
REQUEST		Search	1677855276446	1677855276534	OK	 
REQUEST		Select	1677855276537	1677855276625	OK	 
REQUEST		Select	1677855276552	1677855276644	OK	 
REQUEST		Page 0	1677855276663	1677855276751	OK	 
REQUEST		Page 1	1677855276757	1677855276847	OK	 
REQUEST		Page 2	1677855276866	1677855276953	OK	 
USER	Users	START	1677855276991
REQUEST		Page 3	1677855276989	1677855277077	OK	 
USER	Users	END	1677855277239
REQUEST		Form	1677855277237	1677855277325	OK	 
REQUEST		Home	1677855276990	1677855277362	OK	 
REQUEST		Home Redirect 1	1677855277363	1677855277456	OK	 
REQUEST		Search	1677855277455	1677855277548	OK	 
REQUEST		Select	1677855277549	1677855277637	OK	 
REQUEST		Page 0	1677855277628	1677855277717	OK	 
REQUEST		Page 0	1677855277659	1677855277753	OK	 
REQUEST		Page 1	1677855277767	1677855277856	OK	 
REQUEST		Page 2	1677855277860	1677855277950	OK	 
USER	Users	START	1677855277989
REQUEST		Page 3	1677855277956	1677855278044	OK	 
USER	Users	END	1677855278081
REQUEST		Home	1677855277988	1677855278336	OK	 
REQUEST		Home Redirect 1	1677855278336	1677855278425	OK	 
REQUEST		Post	1677855278332	1677855278422	OK	 
REQUEST		Post Redirect 1	1677855278428	1677855278516	KO	status.find.is(201), but actually found 200
REQUEST		Search	1677855278471	1677855278605	OK	 
REQUEST		Form	1677855278519	1677855278607	OK	 
REQUEST		Select	1677855278563	1677855278704	OK	 
REQUEST		Page 0	1677855278640	1677855278729	OK	 
REQUEST		Page 1	1677855278733	1677855278823	OK	 
REQUEST		Page 1	1677855278763	1677855278852	OK	 
REQUEST		Page 2	1677855278872	1677855278962	OK	 
REQUEST		Page 3	1677855278951	1677855279039	OK	 
USER	Users	END	1677855279061
REQUEST		Search	1677855279434	1677855279528	OK	 
REQUEST		Post	1677855279621	1677855279709	OK	 
REQUEST		Select	1677855279621	1677855279714	OK	 
REQUEST		Post Redirect 1	1677855279710	1677855279798	OK	 
USER	Admins	END	1677855279800
REQUEST		Page 0	1677855279715	1677855279803	OK	 
REQUEST		Page 1	1677855279746	1677855279834	OK	 
REQUEST		Page 2	1677855279840	1677855279928	OK	 
REQUEST		Page 2	1677855279856	1677855279943	OK	 
USER	Users	END	1677855280042
REQUEST		Page 3	1677855279966	1677855280054	OK	 
REQUEST		Select	1677855280536	1677855280625	OK	 
REQUEST		Page 0	1677855280724	1677855280817	OK	 
REQUEST		Page 1	1677855280816	1677855280905	OK	 
REQUEST		Page 2	1677855280847	1677855280937	OK	 
REQUEST		Page 3	1677855280939	1677855281027	OK	 
REQUEST		Page 3	1677855280954	1677855281041	OK	 
USER	Users	END	1677855281064
REQUEST		Page 0	1677855281627	1677855281716	OK	 
REQUEST		Page 1	1677855281828	1677855281923	OK	 
REQUEST		Page 2	1677855281921	1677855282010	OK	 
USER	Users	END	1677855282030
REQUEST		Page 3	1677855281953	1677855282041	OK	 
REQUEST		Form	1677855282045	1677855282133	OK	 
REQUEST		Page 1	1677855282732	1677855282821	OK	 
REQUEST		Page 2	1677855282933	1677855283027	OK	 
USER	Users	END	1677855283058
REQUEST		Page 3	1677855283011	1677855283099	OK	 
REQUEST		Post	1677855283135	1677855283221	OK	 
REQUEST		Post Redirect 1	1677855283222	1677855283309	KO	status.find.is(201), but actually found 200
REQUEST		Form	1677855283310	1677855283397	OK	 
REQUEST		Page 2	1677855283834	1677855283923	OK	 
USER	Users	END	1677855284115
REQUEST		Page 3	1677855284037	1677855284129	OK	 
REQUEST		Post	1677855284411	1677855284499	OK	 
REQUEST		Post Redirect 1	1677855284499	1677855284593	KO	status.find.is(201), but actually found 200
USER	Admins	END	1677855284595
REQUEST		Page 3	1677855284926	1677855285014	OK	 
USER	Users	END	1677855285143
USER	Users	END	1677855286030
