RUN	computerdatabase.ComputerDatabaseSimulation	computerdatabasesimulation	1677855184091	 	3.9.2
USER	Users	START	1677855184633
USER	Admins	START	1677855184633
REQUEST		Home	1677855184617	1677855184987	OK	 
REQUEST		Home	1677855184617	1677855184990	OK	 
REQUEST		Home Redirect 1	1677855184992	1677855185097	OK	 
REQUEST		Home Redirect 1	1677855184992	1677855185097	OK	 
USER	Users	START	1677855185592
REQUEST		Home	1677855185591	1677855185948	OK	 
REQUEST		Home Redirect 1	1677855185948	1677855186044	OK	 
REQUEST		Search	1677855186122	1677855186215	OK	 
REQUEST		Search	1677855186122	1677855186215	OK	 
USER	Users	START	1677855186600
REQUEST		Home	1677855186599	1677855186954	OK	 
REQUEST		Home Redirect 1	1677855186954	1677855187053	OK	 
REQUEST		Search	1677855187056	1677855187150	OK	 
REQUEST		Select	1677855187290	1677855187383	OK	 
REQUEST		Select	1677855187290	1677855187383	OK	 
USER	Users	START	1677855187603
REQUEST		Home	1677855187602	1677855187956	OK	 
REQUEST		Home Redirect 1	1677855187957	1677855188053	OK	 
REQUEST		Search	1677855188066	1677855188159	OK	 
REQUEST		Select	1677855188159	1677855188252	OK	 
REQUEST		Page 0	1677855188393	1677855188487	OK	 
REQUEST		Page 0	1677855188393	1677855188488	OK	 
USER	Users	START	1677855188595
REQUEST		Home	1677855188594	1677855188949	OK	 
REQUEST		Home Redirect 1	1677855188949	1677855189042	OK	 
REQUEST		Search	1677855189059	1677855189151	OK	 
REQUEST		Select	1677855189169	1677855189273	OK	 
REQUEST		Page 0	1677855189262	1677855189357	OK	 
REQUEST		Page 1	1677855189496	1677855189585	OK	 
USER	Admins	START	1677855189589
USER	Users	START	1677855189589
REQUEST		Page 1	1677855189496	1677855189590	OK	 
REQUEST		Home	1677855189588	1677855189943	OK	 
REQUEST		Home	1677855189588	1677855189944	OK	 
REQUEST		Home Redirect 1	1677855189945	1677855190038	OK	 
REQUEST		Home Redirect 1	1677855189943	1677855190038	OK	 
REQUEST		Search	1677855190044	1677855190137	OK	 
REQUEST		Select	1677855190154	1677855190243	OK	 
REQUEST		Page 0	1677855190280	1677855190373	OK	 
REQUEST		Page 1	1677855190372	1677855190465	OK	 
USER	Users	START	1677855190589
REQUEST		Page 2	1677855190588	1677855190677	OK	 
REQUEST		Page 2	1677855190603	1677855190692	OK	 
REQUEST		Home	1677855190588	1677855190940	OK	 
REQUEST		Home Redirect 1	1677855190940	1677855191032	OK	 
REQUEST		Search	1677855191054	1677855191142	OK	 
REQUEST		Search	1677855191054	1677855191147	OK	 
REQUEST		Select	1677855191146	1677855191240	OK	 
REQUEST		Page 0	1677855191254	1677855191343	OK	 
REQUEST		Page 1	1677855191377	1677855191470	OK	 
REQUEST		Page 2	1677855191471	1677855191560	OK	 
USER	Users	START	1677855191595
REQUEST		Page 3	1677855191689	1677855191778	OK	 
REQUEST		Page 3	1677855191704	1677855191792	OK	 
REQUEST		Home	1677855191595	1677855191951	OK	 
REQUEST		Home Redirect 1	1677855191951	1677855192045	OK	 
REQUEST		Search	1677855192047	1677855192137	OK	 
REQUEST		Select	1677855192156	1677855192245	OK	 
REQUEST		Select	1677855192156	1677855192250	OK	 
REQUEST		Page 0	1677855192251	1677855192345	OK	 
REQUEST		Page 1	1677855192359	1677855192447	OK	 
REQUEST		Page 2	1677855192484	1677855192574	OK	 
USER	Users	START	1677855192609
REQUEST		Page 3	1677855192561	1677855192650	OK	 
USER	Users	END	1677855192794
REQUEST		Form	1677855192807	1677855192895	OK	 
REQUEST		Home	1677855192609	1677855192957	OK	 
REQUEST		Home Redirect 1	1677855192958	1677855193047	OK	 
REQUEST		Search	1677855193057	1677855193146	OK	 
REQUEST		Select	1677855193148	1677855193237	OK	 
REQUEST		Page 0	1677855193258	1677855193347	OK	 
REQUEST		Page 0	1677855193258	1677855193351	OK	 
REQUEST		Page 1	1677855193352	1677855193446	OK	 
REQUEST		Page 2	1677855193461	1677855193550	OK	 
USER	Users	START	1677855193603
USER	Users	END	1677855193665
REQUEST		Page 3	1677855193586	1677855193674	OK	 
REQUEST		Home	1677855193603	1677855194445	OK	 
REQUEST		Select	1677855194149	1677855194445	OK	 
REQUEST		Page 1	1677855194353	1677855194446	OK	 
REQUEST		Page 0	1677855194242	1677855194446	OK	 
REQUEST		Search	1677855194057	1677855194446	OK	 
REQUEST		Page 1	1677855194353	1677855194450	OK	 
REQUEST		Post	1677855193900	1677855194445	OK	 
REQUEST		Home Redirect 1	1677855194445	1677855194534	OK	 
REQUEST		Post Redirect 1	1677855194452	1677855194543	OK	 
USER	Admins	END	1677855194545
REQUEST		Page 2	1677855194461	1677855194554	OK	 
REQUEST		Page 3	1677855194555	1677855194643	OK	 
USER	Users	END	1677855194679
REQUEST		Page 0	1677855195447	1677855195536	OK	 
REQUEST		Page 2	1677855195447	1677855195536	OK	 
REQUEST		Page 1	1677855195447	1677855195536	OK	 
REQUEST		Select	1677855195463	1677855195551	OK	 
REQUEST		Page 2	1677855195463	1677855195557	OK	 
REQUEST		Search	1677855195540	1677855195630	OK	 
USER	Users	END	1677855195650
REQUEST		Page 3	1677855195556	1677855195650	OK	 
REQUEST		Page 3	1677855196540	1677855196630	OK	 
REQUEST		Page 1	1677855196540	1677855196630	OK	 
REQUEST		Page 2	1677855196540	1677855196630	OK	 
REQUEST		Page 0	1677855196555	1677855196644	OK	 
REQUEST		Page 3	1677855196570	1677855196663	OK	 
USER	Users	END	1677855196664
REQUEST		Select	1677855196633	1677855196721	OK	 
USER	Users	END	1677855197645
REQUEST		Page 2	1677855197644	1677855197735	OK	 
REQUEST		Page 3	1677855197644	1677855197735	OK	 
REQUEST		Page 1	1677855197659	1677855197749	OK	 
REQUEST		Form	1677855197675	1677855197763	OK	 
REQUEST		Page 0	1677855197723	1677855197812	OK	 
USER	Users	END	1677855198751
REQUEST		Page 3	1677855198751	1677855198840	OK	 
REQUEST		Page 2	1677855198751	1677855198840	OK	 
REQUEST		Post	1677855198766	1677855198853	OK	 
REQUEST		Page 1	1677855198828	1677855198917	OK	 
REQUEST		Post Redirect 1	1677855198854	1677855198942	OK	 
USER	Admins	END	1677855198942
USER	Users	END	1677855199842
REQUEST		Page 3	1677855199841	1677855199932	OK	 
REQUEST		Page 2	1677855199919	1677855200008	OK	 
USER	Users	END	1677855200947
REQUEST		Page 3	1677855201010	1677855201099	OK	 
USER	Users	END	1677855202104
