RUN	computerdatabase.ComputerDatabaseSimulation	computerdatabasesimulation	1677855611167	 	3.9.2
USER	Admins	START	1677855611713
USER	Users	START	1677855611713
REQUEST		Home	1677855611698	1677855612067	OK	 
REQUEST		Home	1677855611698	1677855612087	OK	 
REQUEST		Home Redirect 1	1677855612087	1677855612185	OK	 
REQUEST		Home Redirect 1	1677855612073	1677855612176	OK	 
USER	Users	START	1677855612681
REQUEST		Home	1677855612681	1677855613035	OK	 
REQUEST		Home Redirect 1	1677855613035	1677855613131	OK	 
REQUEST		Search	1677855613200	1677855613294	OK	 
REQUEST		Search	1677855613200	1677855613294	OK	 
USER	Users	START	1677855613677
REQUEST		Home	1677855613676	1677855614033	OK	 
REQUEST		Home Redirect 1	1677855614033	1677855614131	OK	 
REQUEST		Search	1677855614142	1677855614231	OK	 
REQUEST		Select	1677855614358	1677855614448	OK	 
REQUEST		Select	1677855614358	1677855614450	OK	 
USER	Users	START	1677855614684
REQUEST		Home	1677855614684	1677855615040	OK	 
REQUEST		Home Redirect 1	1677855615040	1677855615136	OK	 
REQUEST		Search	1677855615143	1677855615232	OK	 
REQUEST		Select	1677855615250	1677855615339	OK	 
REQUEST		Page 0	1677855615454	1677855615544	OK	 
REQUEST		Page 0	1677855615467	1677855615561	OK	 
USER	Users	START	1677855615674
REQUEST		Home	1677855615673	1677855616039	OK	 
REQUEST		Home Redirect 1	1677855616040	1677855616132	OK	 
REQUEST		Search	1677855616150	1677855616244	OK	 
REQUEST		Select	1677855616243	1677855616333	OK	 
REQUEST		Page 0	1677855616350	1677855616441	OK	 
REQUEST		Page 1	1677855616555	1677855616644	OK	 
REQUEST		Page 1	1677855616570	1677855616665	OK	 
USER	Admins	START	1677855616680
USER	Users	START	1677855616680
REQUEST		Home	1677855616679	1677855617032	OK	 
REQUEST		Home	1677855616679	1677855617032	OK	 
REQUEST		Home Redirect 1	1677855617032	1677855617125	OK	 
REQUEST		Home Redirect 1	1677855617032	1677855617125	OK	 
REQUEST		Search	1677855617149	1677855617241	OK	 
REQUEST		Select	1677855617260	1677855617354	OK	 
REQUEST		Page 0	1677855617338	1677855617427	OK	 
REQUEST		Page 1	1677855617446	1677855617535	OK	 
USER	Users	START	1677855617682
REQUEST		Page 2	1677855617648	1677855617738	OK	 
REQUEST		Page 2	1677855617681	1677855617769	OK	 
REQUEST		Home	1677855617681	1677855618120	OK	 
REQUEST		Home Redirect 1	1677855618121	1677855618216	OK	 
REQUEST		Search	1677855618137	1677855618227	OK	 
REQUEST		Search	1677855618137	1677855618229	OK	 
REQUEST		Select	1677855618245	1677855618338	OK	 
REQUEST		Page 0	1677855618356	1677855618449	OK	 
REQUEST		Page 1	1677855618433	1677855618521	OK	 
REQUEST		Page 2	1677855618542	1677855618632	OK	 
USER	Users	START	1677855618684
REQUEST		Page 3	1677855618744	1677855618833	OK	 
REQUEST		Page 3	1677855618775	1677855618865	OK	 
REQUEST		Home	1677855618683	1677855619037	OK	 
REQUEST		Home Redirect 1	1677855619037	1677855619131	OK	 
REQUEST		Select	1677855619230	1677855619318	OK	 
REQUEST		Search	1677855619230	1677855619323	OK	 
REQUEST		Select	1677855619246	1677855619340	OK	 
REQUEST		Page 0	1677855619341	1677855619434	OK	 
REQUEST		Page 1	1677855619451	1677855619549	OK	 
REQUEST		Page 2	1677855619529	1677855619620	OK	 
USER	Users	START	1677855619685
REQUEST		Page 3	1677855619638	1677855619727	OK	 
USER	Users	END	1677855619871
REQUEST		Form	1677855619839	1677855619929	OK	 
REQUEST		Home	1677855619684	1677855620034	OK	 
REQUEST		Home Redirect 1	1677855620035	1677855620124	OK	 
REQUEST		Search	1677855620134	1677855620227	OK	 
REQUEST		Page 0	1677855620335	1677855620424	OK	 
REQUEST		Select	1677855620335	1677855620428	OK	 
REQUEST		Page 0	1677855620351	1677855620444	OK	 
REQUEST		Page 1	1677855620445	1677855620539	OK	 
REQUEST		Page 2	1677855620557	1677855620648	OK	 
USER	Users	START	1677855620684
REQUEST		Page 3	1677855620634	1677855620723	OK	 
USER	Users	END	1677855620744
REQUEST		Post	1677855620934	1677855621023	OK	 
REQUEST		Home	1677855620682	1677855621033	OK	 
REQUEST		Post Redirect 1	1677855621029	1677855621117	OK	 
USER	Admins	END	1677855621119
REQUEST		Home Redirect 1	1677855621033	1677855621121	OK	 
REQUEST		Search	1677855621135	1677855621224	OK	 
REQUEST		Select	1677855621244	1677855621336	OK	 
REQUEST		Page 0	1677855621432	1677855621521	OK	 
REQUEST		Page 1	1677855621432	1677855621521	OK	 
REQUEST		Page 1	1677855621448	1677855621540	OK	 
REQUEST		Page 2	1677855621542	1677855621630	OK	 
USER	Users	END	1677855621729
REQUEST		Page 3	1677855621651	1677855621744	OK	 
REQUEST		Search	1677855622131	1677855622220	OK	 
REQUEST		Select	1677855622240	1677855622329	OK	 
REQUEST		Page 0	1677855622349	1677855622438	OK	 
REQUEST		Page 2	1677855622537	1677855622625	OK	 
REQUEST		Page 1	1677855622537	1677855622625	OK	 
REQUEST		Page 2	1677855622552	1677855622646	OK	 
REQUEST		Page 3	1677855622647	1677855622734	OK	 
USER	Users	END	1677855622757
REQUEST		Select	1677855623237	1677855623326	OK	 
REQUEST		Page 0	1677855623331	1677855623421	OK	 
REQUEST		Page 1	1677855623442	1677855623531	OK	 
REQUEST		Page 2	1677855623632	1677855623721	OK	 
REQUEST		Page 3	1677855623632	1677855623721	OK	 
USER	Users	END	1677855623741
REQUEST		Page 3	1677855623648	1677855623742	OK	 
REQUEST		Page 0	1677855624331	1677855624420	OK	 
REQUEST		Page 1	1677855624423	1677855624513	OK	 
REQUEST		Page 2	1677855624548	1677855624637	OK	 
USER	Users	END	1677855624749
REQUEST		Form	1677855624733	1677855624821	OK	 
REQUEST		Page 3	1677855624733	1677855624823	OK	 
REQUEST		Page 1	1677855625432	1677855625522	OK	 
REQUEST		Page 2	1677855625528	1677855625618	OK	 
REQUEST		Page 3	1677855625652	1677855625742	OK	 
USER	Users	END	1677855625841
REQUEST		Post	1677855625824	1677855625912	OK	 
REQUEST		Post Redirect 1	1677855625912	1677855626001	OK	 
USER	Admins	END	1677855626002
REQUEST		Page 2	1677855626524	1677855626612	OK	 
REQUEST		Page 3	1677855626635	1677855626725	OK	 
USER	Users	END	1677855626744
REQUEST		Page 3	1677855627622	1677855627711	OK	 
USER	Users	END	1677855627733
USER	Users	END	1677855628719
