RUN	computerdatabase.ComputerDatabaseSimulation	computerdatabasesimulation	1677855110550	 	3.9.2
USER	Users	START	1677855111113
USER	Admins	START	1677855111113
REQUEST		Home	1677855111098	1677855111473	OK	 
REQUEST		Home	1677855111098	1677855111473	OK	 
REQUEST		Home Redirect 1	1677855111479	1677855111585	OK	 
REQUEST		Home Redirect 1	1677855111479	1677855111585	OK	 
USER	Users	START	1677855112080
REQUEST		Home	1677855112079	1677855112434	OK	 
REQUEST		Home Redirect 1	1677855112434	1677855112528	OK	 
REQUEST		Search	1677855112612	1677855112705	OK	 
REQUEST		Search	1677855112612	1677855112705	OK	 
USER	Users	START	1677855113081
REQUEST		Home	1677855113080	1677855113476	OK	 
REQUEST		Home Redirect 1	1677855113476	1677855113574	OK	 
REQUEST		Search	1677855113533	1677855113626	OK	 
REQUEST		Select	1677855113771	1677855113865	OK	 
REQUEST		Select	1677855113771	1677855113865	OK	 
USER	Users	START	1677855114071
REQUEST		Home	1677855114070	1677855114433	OK	 
REQUEST		Home Redirect 1	1677855114433	1677855114531	OK	 
REQUEST		Search	1677855114583	1677855114680	OK	 
REQUEST		Select	1677855114645	1677855114738	OK	 
REQUEST		Page 0	1677855114881	1677855114975	OK	 
REQUEST		Page 0	1677855114881	1677855114975	OK	 
USER	Users	START	1677855115084
REQUEST		Home	1677855115083	1677855115439	OK	 
REQUEST		Home Redirect 1	1677855115439	1677855115532	OK	 
REQUEST		Search	1677855115535	1677855115630	OK	 
REQUEST		Select	1677855115688	1677855115781	OK	 
REQUEST		Page 0	1677855115750	1677855115844	OK	 
REQUEST		Page 1	1677855115984	1677855116074	OK	 
REQUEST		Page 1	1677855115984	1677855116078	OK	 
USER	Admins	START	1677855116080
USER	Users	START	1677855116080
REQUEST		Home	1677855116079	1677855116429	OK	 
REQUEST		Home	1677855116079	1677855116439	OK	 
REQUEST		Home Redirect 1	1677855116429	1677855116518	OK	 
REQUEST		Home Redirect 1	1677855116439	1677855116533	OK	 
REQUEST		Search	1677855116546	1677855116635	OK	 
REQUEST		Select	1677855116638	1677855116728	OK	 
REQUEST		Page 0	1677855116792	1677855116885	OK	 
REQUEST		Page 1	1677855116855	1677855116950	OK	 
USER	Users	START	1677855117074
REQUEST		Page 2	1677855117089	1677855117178	OK	 
REQUEST		Page 2	1677855117089	1677855117179	OK	 
REQUEST		Home	1677855117073	1677855117440	OK	 
REQUEST		Home Redirect 1	1677855117440	1677855117533	OK	 
REQUEST		Search	1677855117529	1677855117617	OK	 
REQUEST		Search	1677855117545	1677855117634	OK	 
REQUEST		Select	1677855117639	1677855117727	OK	 
REQUEST		Page 0	1677855117732	1677855117821	OK	 
REQUEST		Page 1	1677855117888	1677855117984	OK	 
REQUEST		Page 2	1677855117965	1677855118055	OK	 
USER	Users	START	1677855118075
REQUEST		Page 3	1677855118181	1677855118270	OK	 
REQUEST		Page 3	1677855118181	1677855118270	OK	 
REQUEST		Home	1677855118074	1677855118425	OK	 
REQUEST		Home Redirect 1	1677855118425	1677855118518	OK	 
REQUEST		Search	1677855118535	1677855118628	OK	 
REQUEST		Select	1677855118630	1677855118719	OK	 
REQUEST		Select	1677855118645	1677855118733	OK	 
REQUEST		Page 0	1677855118737	1677855118826	OK	 
REQUEST		Page 1	1677855118830	1677855118920	OK	 
USER	Users	START	1677855119080
REQUEST		Page 2	1677855119000	1677855119093	OK	 
REQUEST		Page 3	1677855119063	1677855119151	OK	 
USER	Users	END	1677855119285
REQUEST		Form	1677855119283	1677855119373	OK	 
REQUEST		Home	1677855119079	1677855119434	OK	 
REQUEST		Home Redirect 1	1677855119435	1677855119534	OK	 
REQUEST		Search	1677855119521	1677855119614	OK	 
REQUEST		Select	1677855119630	1677855119721	OK	 
REQUEST		Page 0	1677855119723	1677855119813	OK	 
REQUEST		Page 0	1677855119738	1677855119826	OK	 
REQUEST		Page 1	1677855119832	1677855119920	OK	 
REQUEST		Page 2	1677855119923	1677855120013	OK	 
USER	Users	START	1677855120080
USER	Users	END	1677855120158
REQUEST		Page 3	1677855120096	1677855120189	OK	 
REQUEST		Home	1677855120080	1677855120432	OK	 
REQUEST		Post	1677855120391	1677855120479	OK	 
REQUEST		Home Redirect 1	1677855120433	1677855120526	OK	 
REQUEST		Post Redirect 1	1677855120484	1677855120573	KO	status.find.is(201), but actually found 200
REQUEST		Search	1677855120545	1677855120638	OK	 
REQUEST		Form	1677855120576	1677855120664	OK	 
REQUEST		Select	1677855120623	1677855120713	OK	 
REQUEST		Page 0	1677855120732	1677855120823	OK	 
REQUEST		Page 1	1677855120825	1677855120913	OK	 
REQUEST		Page 1	1677855120840	1677855120928	OK	 
REQUEST		Page 2	1677855120932	1677855121020	OK	 
REQUEST		Page 3	1677855121025	1677855121113	OK	 
USER	Users	END	1677855121195
REQUEST		Search	1677855121533	1677855121626	OK	 
REQUEST		Select	1677855121641	1677855121730	OK	 
REQUEST		Post	1677855121672	1677855121760	OK	 
REQUEST		Page 0	1677855121720	1677855121808	OK	 
REQUEST		Post Redirect 1	1677855121760	1677855121848	KO	status.find.is(201), but actually found 200
USER	Admins	END	1677855121850
REQUEST		Page 1	1677855121831	1677855121924	OK	 
REQUEST		Page 2	1677855121925	1677855122015	OK	 
REQUEST		Page 2	1677855121940	1677855122028	OK	 
REQUEST		Page 3	1677855122034	1677855122122	OK	 
USER	Users	END	1677855122128
REQUEST		Select	1677855122628	1677855122721	OK	 
REQUEST		Page 0	1677855122737	1677855122827	OK	 
REQUEST		Page 1	1677855122817	1677855122905	OK	 
REQUEST		Page 2	1677855122928	1677855123025	OK	 
REQUEST		Page 3	1677855123020	1677855123108	OK	 
REQUEST		Page 3	1677855123035	1677855123123	OK	 
USER	Users	END	1677855123128
REQUEST		Page 0	1677855123735	1677855123827	OK	 
REQUEST		Page 1	1677855123842	1677855123932	OK	 
REQUEST		Page 2	1677855123920	1677855124009	OK	 
REQUEST		Page 3	1677855124029	1677855124121	OK	 
USER	Users	END	1677855124138
REQUEST		Form	1677855124122	1677855124210	OK	 
REQUEST		Page 1	1677855124836	1677855124930	OK	 
REQUEST		Page 2	1677855124948	1677855125039	OK	 
REQUEST		Page 3	1677855125011	1677855125099	OK	 
USER	Users	END	1677855125138
REQUEST		Post	1677855125213	1677855125313	OK	 
REQUEST		Post Redirect 1	1677855125313	1677855125401	KO	status.find.is(201), but actually found 200
REQUEST		Form	1677855125402	1677855125490	OK	 
REQUEST		Page 2	1677855125942	1677855126035	OK	 
USER	Users	END	1677855126114
REQUEST		Page 3	1677855126052	1677855126140	OK	 
REQUEST		Post	1677855126503	1677855126591	OK	 
REQUEST		Post Redirect 1	1677855126591	1677855126680	OK	 
USER	Admins	END	1677855126681
REQUEST		Page 3	1677855127037	1677855127130	OK	 
USER	Users	END	1677855127146
USER	Users	END	1677855128135
