RUN	computerdatabase.ComputerDatabaseSimulation	computerdatabasesimulation	1677856113389	 	3.9.2
USER	Users	START	1677856113963
USER	Admins	START	1677856113963
REQUEST		Home	1677856113945	1677856114323	OK	 
REQUEST		Home	1677856113945	1677856114319	OK	 
REQUEST		Home Redirect 1	1677856114324	1677856114424	OK	 
REQUEST		Home Redirect 1	1677856114324	1677856114424	OK	 
USER	Users	START	1677856114933
REQUEST		Home	1677856114932	1677856115286	OK	 
REQUEST		Home Redirect 1	1677856115286	1677856115383	OK	 
REQUEST		Search	1677856115450	1677856115541	OK	 
REQUEST		Search	1677856115450	1677856115542	OK	 
USER	Users	START	1677856115931
REQUEST		Home	1677856115930	1677856116284	OK	 
REQUEST		Home Redirect 1	1677856116285	1677856116377	OK	 
REQUEST		Search	1677856116396	1677856116492	OK	 
REQUEST		Select	1677856116615	1677856116704	OK	 
REQUEST		Select	1677856116615	1677856116708	OK	 
USER	Users	START	1677856116926
REQUEST		Home	1677856116925	1677856117281	OK	 
REQUEST		Home Redirect 1	1677856117281	1677856117378	OK	 
REQUEST		Search	1677856117389	1677856117478	OK	 
REQUEST		Select	1677856117497	1677856117590	OK	 
REQUEST		Page 0	1677856117717	1677856117806	OK	 
REQUEST		Page 0	1677856117717	1677856117809	OK	 
USER	Users	START	1677856117917
REQUEST		Home	1677856117916	1677856118270	OK	 
REQUEST		Home Redirect 1	1677856118270	1677856118362	OK	 
REQUEST		Search	1677856118384	1677856118477	OK	 
REQUEST		Select	1677856118493	1677856118582	OK	 
REQUEST		Page 0	1677856118602	1677856118695	OK	 
REQUEST		Page 1	1677856118821	1677856118909	OK	 
REQUEST		Page 1	1677856118821	1677856118910	OK	 
USER	Admins	START	1677856118930
USER	Users	START	1677856118930
REQUEST		Home	1677856118929	1677856119278	OK	 
REQUEST		Home	1677856118929	1677856119282	OK	 
REQUEST		Home Redirect 1	1677856119279	1677856119367	OK	 
REQUEST		Home Redirect 1	1677856119282	1677856119374	OK	 
REQUEST		Search	1677856119366	1677856119454	OK	 
REQUEST		Select	1677856119490	1677856119579	OK	 
REQUEST		Page 0	1677856119585	1677856119675	OK	 
REQUEST		Page 1	1677856119709	1677856119802	OK	 
USER	Users	START	1677856119929
REQUEST		Page 2	1677856119912	1677856120001	OK	 
REQUEST		Page 2	1677856119912	1677856120001	OK	 
REQUEST		Home	1677856119929	1677856120279	OK	 
REQUEST		Home Redirect 1	1677856120279	1677856120367	OK	 
REQUEST		Search	1677856120369	1677856120458	OK	 
REQUEST		Search	1677856120385	1677856120478	OK	 
REQUEST		Select	1677856120462	1677856120551	OK	 
REQUEST		Page 0	1677856120585	1677856120674	OK	 
REQUEST		Page 1	1677856120677	1677856120766	OK	 
REQUEST		Page 2	1677856120817	1677856120909	OK	 
USER	Users	START	1677856120927
REQUEST		Page 3	1677856121003	1677856121092	OK	 
REQUEST		Page 3	1677856121003	1677856121093	OK	 
REQUEST		Home	1677856120926	1677856121274	OK	 
REQUEST		Home Redirect 1	1677856121275	1677856121363	OK	 
REQUEST		Search	1677856121374	1677856121463	OK	 
REQUEST		Select	1677856121466	1677856121555	OK	 
REQUEST		Select	1677856121482	1677856121577	OK	 
REQUEST		Page 0	1677856121559	1677856121648	OK	 
REQUEST		Page 1	1677856121684	1677856121773	OK	 
REQUEST		Page 2	1677856121777	1677856121867	OK	 
USER	Users	START	1677856121921
REQUEST		Page 3	1677856121921	1677856122013	OK	 
USER	Users	END	1677856122108
REQUEST		Form	1677856122106	1677856122195	OK	 
REQUEST		Home	1677856121921	1677856122268	OK	 
REQUEST		Home Redirect 1	1677856122268	1677856122357	OK	 
REQUEST		Search	1677856122371	1677856122459	OK	 
REQUEST		Select	1677856122479	1677856122568	OK	 
REQUEST		Page 0	1677856122572	1677856122660	OK	 
REQUEST		Page 0	1677856122587	1677856122680	OK	 
REQUEST		Page 1	1677856122651	1677856122742	OK	 
REQUEST		Page 2	1677856122777	1677856122865	OK	 
USER	Users	START	1677856122917
REQUEST		Page 3	1677856122870	1677856122959	OK	 
USER	Users	END	1677856123027
REQUEST		Home	1677856122917	1677856123265	OK	 
REQUEST		Post	1677856123212	1677856123301	OK	 
REQUEST		Home Redirect 1	1677856123266	1677856123356	OK	 
REQUEST		Post Redirect 1	1677856123306	1677856123394	OK	 
USER	Admins	END	1677856123396
REQUEST		Search	1677856123367	1677856123456	OK	 
REQUEST		Select	1677856123475	1677856123563	OK	 
REQUEST		Page 0	1677856123582	1677856123670	OK	 
REQUEST		Page 1	1677856123676	1677856123765	OK	 
REQUEST		Page 1	1677856123691	1677856123783	OK	 
REQUEST		Page 2	1677856123753	1677856123842	OK	 
REQUEST		Page 3	1677856123879	1677856123967	OK	 
USER	Users	END	1677856123972
REQUEST		Search	1677856124361	1677856124450	OK	 
REQUEST		Select	1677856124468	1677856124557	OK	 
REQUEST		Page 0	1677856124578	1677856124666	OK	 
REQUEST		Page 1	1677856124686	1677856124775	OK	 
REQUEST		Page 2	1677856124781	1677856124872	OK	 
REQUEST		Page 2	1677856124796	1677856124889	OK	 
REQUEST		Page 3	1677856124858	1677856124946	OK	 
USER	Users	END	1677856124981
REQUEST		Select	1677856125463	1677856125554	OK	 
REQUEST		Page 0	1677856125572	1677856125660	OK	 
REQUEST		Page 1	1677856125678	1677856125767	OK	 
REQUEST		Page 2	1677856125787	1677856125876	OK	 
USER	Users	END	1677856125962
REQUEST		Page 3	1677856125883	1677856125972	OK	 
REQUEST		Page 3	1677856125899	1677856125991	OK	 
REQUEST		Page 0	1677856126555	1677856126644	OK	 
REQUEST		Page 1	1677856126664	1677856126754	OK	 
REQUEST		Page 2	1677856126772	1677856126861	OK	 
REQUEST		Page 3	1677856126884	1677856126972	OK	 
USER	Users	END	1677856126978
REQUEST		Form	1677856126994	1677856127081	OK	 
REQUEST		Page 1	1677856127659	1677856127747	OK	 
REQUEST		Page 2	1677856127767	1677856127856	OK	 
REQUEST		Page 3	1677856127877	1677856127966	OK	 
USER	Users	END	1677856127986
REQUEST		Post	1677856128094	1677856128182	OK	 
REQUEST		Post Redirect 1	1677856128182	1677856128271	KO	status.find.is(201), but actually found 200
REQUEST		Form	1677856128275	1677856128363	OK	 
REQUEST		Page 2	1677856128750	1677856128838	OK	 
REQUEST		Page 3	1677856128859	1677856128947	OK	 
USER	Users	END	1677856128983
REQUEST		Post	1677856129375	1677856129461	OK	 
REQUEST		Post Redirect 1	1677856129462	1677856129550	OK	 
USER	Admins	END	1677856129550
REQUEST		Page 3	1677856129840	1677856129928	OK	 
USER	Users	END	1677856129950
USER	Users	END	1677856130942
