RUN	computerdatabase.BasicSimulation	basicsimulation	1677492288559	 	3.9.2
USER	Admins	START	1677492289441
USER	Users	START	1677492289441
REQUEST		Home	1677492289428	1677492289631	OK	 
REQUEST		Home	1677492289428	1677492289640	OK	 
REQUEST		Home Redirect 1	1677492289636	1677492289745	OK	 
REQUEST		Home Redirect 1	1677492289640	1677492289746	OK	 
USER	Users	START	1677492290407
REQUEST		Home	1677492290406	1677492290604	OK	 
REQUEST		Home Redirect 1	1677492290605	1677492290706	OK	 
REQUEST		Search	1677492290769	1677492290876	OK	 
REQUEST		Search	1677492290769	1677492290874	OK	 
USER	Users	START	1677492291421
REQUEST		Home	1677492291420	1677492291596	OK	 
REQUEST		Home Redirect 1	1677492291596	1677492291699	OK	 
REQUEST		Search	1677492291718	1677492291815	OK	 
REQUEST		Select	1677492291936	1677492292027	OK	 
REQUEST		Select	1677492291936	1677492292027	OK	 
USER	Users	START	1677492292421
REQUEST		Home	1677492292421	1677492292614	OK	 
REQUEST		Home Redirect 1	1677492292614	1677492292716	OK	 
REQUEST		Search	1677492292715	1677492292803	OK	 
REQUEST		Select	1677492292824	1677492292924	OK	 
REQUEST		Page 0	1677492293045	1677492293136	OK	 
REQUEST		Page 0	1677492293045	1677492293137	OK	 
USER	Users	START	1677492293417
REQUEST		Home	1677492293417	1677492293601	OK	 
REQUEST		Home Redirect 1	1677492293601	1677492293701	OK	 
REQUEST		Search	1677492293726	1677492293825	OK	 
REQUEST		Select	1677492293818	1677492293906	OK	 
REQUEST		Page 0	1677492293926	1677492294023	OK	 
REQUEST		Page 1	1677492294145	1677492294234	OK	 
REQUEST		Page 1	1677492294145	1677492294234	OK	 
USER	Users	START	1677492294408
USER	Admins	START	1677492294408
REQUEST		Home	1677492294407	1677492294593	OK	 
REQUEST		Home	1677492294407	1677492294595	OK	 
REQUEST		Home Redirect 1	1677492294595	1677492294687	OK	 
REQUEST		Home Redirect 1	1677492294593	1677492294690	OK	 
REQUEST		Search	1677492294716	1677492294815	OK	 
REQUEST		Select	1677492294842	1677492294944	OK	 
REQUEST		Page 0	1677492294920	1677492295022	OK	 
REQUEST		Page 1	1677492295030	1677492295122	OK	 
REQUEST		Page 2	1677492295247	1677492295337	OK	 
REQUEST		Page 2	1677492295247	1677492295337	OK	 
USER	Users	START	1677492295419
REQUEST		Home	1677492295418	1677492295613	OK	 
REQUEST		Home Redirect 1	1677492295614	1677492295711	OK	 
REQUEST		Search	1677492295698	1677492295788	OK	 
REQUEST		Search	1677492295698	1677492295788	OK	 
REQUEST		Select	1677492295823	1677492295921	OK	 
REQUEST		Page 0	1677492295948	1677492296037	OK	 
REQUEST		Page 1	1677492296026	1677492296116	OK	 
REQUEST		Page 2	1677492296133	1677492296223	OK	 
USER	Users	START	1677492296415
REQUEST		Page 3	1677492296352	1677492296440	OK	 
REQUEST		Page 3	1677492296352	1677492296448	OK	 
REQUEST		Home	1677492296414	1677492296597	OK	 
REQUEST		Home Redirect 1	1677492296598	1677492296686	OK	 
REQUEST		Search	1677492296727	1677492296824	OK	 
REQUEST		Select	1677492296803	1677492296892	OK	 
REQUEST		Select	1677492296803	1677492296892	OK	 
REQUEST		Page 0	1677492296929	1677492297017	OK	 
REQUEST		Page 1	1677492297039	1677492297128	OK	 
REQUEST		Page 2	1677492297119	1677492297208	OK	 
REQUEST		Page 3	1677492297229	1677492297317	OK	 
USER	Users	START	1677492297403
REQUEST		Page 4	1677492297450	1677492297540	OK	 
REQUEST		Page 4	1677492297450	1677492297540	OK	 
REQUEST		Home	1677492297402	1677492297579	OK	 
REQUEST		Home Redirect 1	1677492297580	1677492297671	OK	 
REQUEST		Search	1677492297701	1677492297809	OK	 
REQUEST		Select	1677492297827	1677492297935	OK	 
REQUEST		Page 0	1677492297906	1677492297994	OK	 
REQUEST		Page 0	1677492297906	1677492297995	OK	 
REQUEST		Page 1	1677492298030	1677492298126	OK	 
REQUEST		Page 2	1677492298141	1677492298231	OK	 
REQUEST		Page 3	1677492298220	1677492298310	OK	 
USER	Users	START	1677492298406
REQUEST		Page 4	1677492298328	1677492298417	OK	 
USER	Users	END	1677492298545
REQUEST		Home	1677492298405	1677492298581	OK	 
REQUEST		Form	1677492298544	1677492298633	OK	 
REQUEST		Home Redirect 1	1677492298581	1677492298670	OK	 
REQUEST		Search	1677492298685	1677492298773	OK	 
REQUEST		Select	1677492298826	1677492298914	OK	 
REQUEST		Page 0	1677492298951	1677492299048	OK	 
REQUEST		Page 1	1677492298999	1677492299087	OK	 
REQUEST		Page 1	1677492298999	1677492299088	OK	 
REQUEST		Page 2	1677492299140	1677492299228	OK	 
REQUEST		Page 3	1677492299234	1677492299321	OK	 
REQUEST		Page 4	1677492299312	1677492299400	OK	 
USER	Users	END	1677492299422
REQUEST		Post	1677492299642	1677492299730	KO	status.find.is(200), but actually found 400
USER	Admins	END	1677492299731
REQUEST		Search	1677492299673	1677492299762	OK	 
REQUEST		Select	1677492299785	1677492299875	OK	 
REQUEST		Page 0	1677492299928	1677492300016	OK	 
REQUEST		Page 1	1677492300055	1677492300153	OK	 
REQUEST		Page 2	1677492300103	1677492300192	OK	 
REQUEST		Page 2	1677492300103	1677492300192	OK	 
REQUEST		Page 3	1677492300242	1677492300330	OK	 
USER	Users	END	1677492300412
REQUEST		Page 4	1677492300335	1677492300432	OK	 
REQUEST		Select	1677492300775	1677492300879	OK	 
REQUEST		Page 0	1677492300885	1677492300973	OK	 
REQUEST		Page 1	1677492301022	1677492301116	OK	 
REQUEST		Page 2	1677492301161	1677492301257	OK	 
REQUEST		Page 3	1677492301208	1677492301299	OK	 
REQUEST		Page 3	1677492301208	1677492301299	OK	 
REQUEST		Page 4	1677492301334	1677492301423	OK	 
USER	Users	END	1677492301442
REQUEST		Page 0	1677492301881	1677492301970	OK	 
REQUEST		Page 1	1677492301974	1677492302063	OK	 
REQUEST		Page 2	1677492302131	1677492302234	OK	 
REQUEST		Page 3	1677492302272	1677492302369	OK	 
REQUEST		Page 4	1677492302302	1677492302391	OK	 
REQUEST		Page 4	1677492302302	1677492302391	OK	 
USER	Users	END	1677492302427
REQUEST		Page 2	1677492303064	1677492303328	OK	 
REQUEST		Page 3	1677492303236	1677492303328	OK	 
REQUEST		Page 1	1677492302972	1677492303329	OK	 
USER	Users	END	1677492303406
REQUEST		Page 4	1677492303375	1677492303464	OK	 
REQUEST		Form	1677492303405	1677492303494	OK	 
REQUEST		Page 2	1677492304341	1677492304431	OK	 
REQUEST		Page 4	1677492304341	1677492304431	OK	 
REQUEST		Page 3	1677492304341	1677492304431	OK	 
USER	Users	END	1677492304479
REQUEST		Post	1677492304509	1677492304613	KO	status.find.is(200), but actually found 400
USER	Admins	END	1677492304614
USER	Users	END	1677492305436
REQUEST		Page 3	1677492305436	1677492305526	OK	 
REQUEST		Page 4	1677492305436	1677492305541	OK	 
USER	Users	END	1677492306546
REQUEST		Page 4	1677492306530	1677492306671	OK	 
USER	Users	END	1677492307683
