RUN	computerdatabase.BasicSimulation	basicsimulation	1677853313521	 	3.9.2
USER	Admins	START	1677853314042
USER	Users	START	1677853314042
REQUEST		Home	1677853314027	1677853314235	OK	 
REQUEST		Home	1677853314027	1677853314235	OK	 
REQUEST		Home Redirect 1	1677853314241	1677853314341	OK	 
REQUEST		Home Redirect 1	1677853314241	1677853314341	OK	 
USER	Users	START	1677853315014
REQUEST		Home	1677853315013	1677853315204	OK	 
REQUEST		Home Redirect 1	1677853315205	1677853315296	OK	 
REQUEST		Search	1677853315357	1677853315445	OK	 
REQUEST		Search	1677853315357	1677853315445	OK	 
USER	Users	START	1677853316009
REQUEST		Home	1677853316008	1677853316185	OK	 
REQUEST		Home Redirect 1	1677853316186	1677853316280	OK	 
REQUEST		Search	1677853316302	1677853316392	OK	 
REQUEST		Select	1677853316505	1677853316594	OK	 
REQUEST		Select	1677853316505	1677853316594	OK	 
USER	Users	START	1677853317000
REQUEST		Home	1677853316999	1677853317176	OK	 
REQUEST		Home Redirect 1	1677853317176	1677853317271	OK	 
REQUEST		Search	1677853317295	1677853317384	OK	 
REQUEST		Select	1677853317401	1677853317490	OK	 
REQUEST		Page 0	1677853317607	1677853317697	OK	 
REQUEST		Page 0	1677853317607	1677853317697	OK	 
USER	Users	START	1677853318009
REQUEST		Home	1677853318008	1677853318183	OK	 
REQUEST		Home Redirect 1	1677853318183	1677853318272	OK	 
REQUEST		Search	1677853318286	1677853318375	OK	 
REQUEST		Select	1677853318394	1677853318544	OK	 
REQUEST		Page 0	1677853318505	1677853318593	OK	 
REQUEST		Page 1	1677853318709	1677853318799	OK	 
REQUEST		Page 1	1677853318709	1677853318799	OK	 
USER	Users	START	1677853319003
USER	Admins	START	1677853319003
REQUEST		Home	1677853319002	1677853319178	OK	 
REQUEST		Home	1677853319002	1677853319178	OK	 
REQUEST		Home Redirect 1	1677853319178	1677853319268	OK	 
REQUEST		Home Redirect 1	1677853319178	1677853319268	OK	 
REQUEST		Search	1677853319283	1677853319371	OK	 
REQUEST		Select	1677853319391	1677853319479	OK	 
REQUEST		Page 0	1677853319548	1677853319636	OK	 
REQUEST		Page 1	1677853319610	1677853319701	OK	 
REQUEST		Page 2	1677853319811	1677853319900	OK	 
REQUEST		Page 2	1677853319811	1677853319900	OK	 
USER	Users	START	1677853320012
REQUEST		Home	1677853320011	1677853320186	OK	 
REQUEST		Home Redirect 1	1677853320186	1677853320275	OK	 
REQUEST		Search	1677853320274	1677853320363	OK	 
REQUEST		Search	1677853320274	1677853320364	OK	 
REQUEST		Select	1677853320382	1677853320471	OK	 
REQUEST		Page 0	1677853320490	1677853320581	OK	 
REQUEST		Page 1	1677853320647	1677853320736	OK	 
REQUEST		Page 2	1677853320709	1677853320798	OK	 
REQUEST		Page 3	1677853320910	1677853320999	OK	 
REQUEST		Page 3	1677853320910	1677853320999	OK	 
USER	Users	START	1677853321020
REQUEST		Home	1677853321020	1677853321194	OK	 
REQUEST		Home Redirect 1	1677853321195	1677853321284	OK	 
REQUEST		Search	1677853321284	1677853321372	OK	 
REQUEST		Select	1677853321376	1677853321465	OK	 
REQUEST		Select	1677853321376	1677853321465	OK	 
REQUEST		Page 0	1677853321483	1677853321573	OK	 
REQUEST		Page 1	1677853321593	1677853321682	OK	 
REQUEST		Page 2	1677853321747	1677853321835	OK	 
REQUEST		Page 3	1677853321809	1677853321897	OK	 
USER	Users	START	1677853322010
REQUEST		Page 4	1677853322008	1677853322098	OK	 
REQUEST		Page 4	1677853322008	1677853322098	OK	 
REQUEST		Home	1677853322009	1677853322183	OK	 
REQUEST		Home Redirect 1	1677853322183	1677853322272	OK	 
REQUEST		Search	1677853322286	1677853322375	OK	 
REQUEST		Select	1677853322380	1677853322468	OK	 
REQUEST		Page 0	1677853322472	1677853322562	OK	 
REQUEST		Page 0	1677853322472	1677853322562	OK	 
REQUEST		Page 1	1677853322582	1677853322670	OK	 
REQUEST		Page 2	1677853322689	1677853322778	OK	 
REQUEST		Page 3	1677853322841	1677853322930	OK	 
REQUEST		Page 4	1677853322903	1677853322992	OK	 
USER	Users	START	1677853323013
USER	Users	END	1677853323106
REQUEST		Home	1677853323013	1677853323188	OK	 
REQUEST		Form	1677853323105	1677853323193	OK	 
REQUEST		Home Redirect 1	1677853323188	1677853323278	OK	 
REQUEST		Search	1677853323275	1677853323363	OK	 
REQUEST		Select	1677853323384	1677853323472	OK	 
REQUEST		Page 0	1677853323476	1677853323565	OK	 
REQUEST		Page 1	1677853323567	1677853323656	OK	 
REQUEST		Page 1	1677853323567	1677853323656	OK	 
REQUEST		Page 2	1677853323676	1677853323765	OK	 
REQUEST		Page 3	1677853323781	1677853323870	OK	 
USER	Users	END	1677853323998
REQUEST		Page 4	1677853323935	1677853324024	OK	 
REQUEST		Post	1677853324198	1677853324287	KO	status.find.is(200), but actually found 400
USER	Admins	END	1677853324288
REQUEST		Search	1677853324291	1677853324379	OK	 
REQUEST		Select	1677853324367	1677853324455	OK	 
REQUEST		Page 0	1677853324474	1677853324563	OK	 
REQUEST		Page 1	1677853324567	1677853324656	OK	 
REQUEST		Page 2	1677853324660	1677853324749	OK	 
REQUEST		Page 2	1677853324660	1677853324749	OK	 
REQUEST		Page 3	1677853324767	1677853324855	OK	 
REQUEST		Page 4	1677853324875	1677853324969	OK	 
USER	Users	END	1677853325032
REQUEST		Select	1677853325387	1677853325475	OK	 
REQUEST		Page 0	1677853325464	1677853325551	OK	 
REQUEST		Page 1	1677853325572	1677853325661	OK	 
REQUEST		Page 2	1677853325664	1677853325753	OK	 
REQUEST		Page 3	1677853325759	1677853325847	OK	 
REQUEST		Page 3	1677853325759	1677853325848	OK	 
REQUEST		Page 4	1677853325868	1677853325956	OK	 
USER	Users	END	1677853325978
REQUEST		Page 0	1677853326491	1677853326579	OK	 
REQUEST		Page 1	1677853326553	1677853326642	OK	 
REQUEST		Page 2	1677853326677	1677853326765	OK	 
REQUEST		Page 3	1677853326769	1677853326857	OK	 
REQUEST		Page 4	1677853326862	1677853326952	OK	 
REQUEST		Page 4	1677853326862	1677853326952	OK	 
USER	Users	END	1677853326958
REQUEST		Page 1	1677853327594	1677853327683	OK	 
REQUEST		Page 2	1677853327657	1677853327745	OK	 
REQUEST		Page 3	1677853327780	1677853327876	OK	 
USER	Users	END	1677853327964
REQUEST		Page 4	1677853327873	1677853327980	OK	 
REQUEST		Form	1677853327964	1677853328052	OK	 
REQUEST		Page 2	1677853328691	1677853328779	OK	 
REQUEST		Page 3	1677853328753	1677853328843	OK	 
REQUEST		Page 4	1677853328892	1677853328980	OK	 
USER	Users	END	1677853328985
REQUEST		Post	1677853329061	1677853329150	KO	status.find.is(201), but actually found 400
USER	Admins	END	1677853329150
REQUEST		Page 3	1677853329789	1677853329878	OK	 
REQUEST		Page 4	1677853329852	1677853329940	OK	 
USER	Users	END	1677853329992
USER	Users	END	1677853330951
REQUEST		Page 4	1677853330889	1677853330978	OK	 
USER	Users	END	1677853331992
