RUN	computerdatabase.ComputerDatabaseSimulation	computerdatabasesimulation	1677855738330	 	3.9.2
USER	Admins	START	1677855738905
USER	Users	START	1677855738905
REQUEST		Home	1677855738886	1677855739258	OK	 
REQUEST		Home	1677855738886	1677855739263	OK	 
REQUEST		Home Redirect 1	1677855739265	1677855739370	OK	 
REQUEST		Home Redirect 1	1677855739265	1677855739370	OK	 
USER	Users	START	1677855739871
REQUEST		Home	1677855739870	1677855740225	OK	 
REQUEST		Home Redirect 1	1677855740225	1677855740320	OK	 
REQUEST		Search	1677855740389	1677855740536	OK	 
REQUEST		Search	1677855740389	1677855740537	OK	 
USER	Users	START	1677855740871
REQUEST		Home	1677855740870	1677855741221	OK	 
REQUEST		Home Redirect 1	1677855741221	1677855741314	OK	 
REQUEST		Search	1677855741334	1677855741430	OK	 
REQUEST		Select	1677855741618	1677855741707	OK	 
REQUEST		Select	1677855741618	1677855741710	OK	 
USER	Users	START	1677855741871
REQUEST		Home	1677855741870	1677855742224	OK	 
REQUEST		Home Redirect 1	1677855742225	1677855742317	OK	 
REQUEST		Search	1677855742317	1677855742406	OK	 
REQUEST		Select	1677855742441	1677855742530	OK	 
REQUEST		Page 0	1677855742725	1677855742822	OK	 
REQUEST		Page 0	1677855742725	1677855742822	OK	 
USER	Users	START	1677855742863
REQUEST		Home	1677855742862	1677855743215	OK	 
REQUEST		Home Redirect 1	1677855743215	1677855743305	OK	 
REQUEST		Search	1677855743326	1677855743416	OK	 
REQUEST		Select	1677855743419	1677855743508	OK	 
REQUEST		Page 0	1677855743544	1677855743633	OK	 
USER	Users	START	1677855743871
USER	Admins	START	1677855743871
REQUEST		Page 1	1677855743839	1677855743929	OK	 
REQUEST		Page 1	1677855743839	1677855743929	OK	 
REQUEST		Home	1677855743870	1677855744218	OK	 
REQUEST		Home	1677855743870	1677855744219	OK	 
REQUEST		Home Redirect 1	1677855744218	1677855744308	OK	 
REQUEST		Home Redirect 1	1677855744219	1677855744308	OK	 
REQUEST		Search	1677855744322	1677855744411	OK	 
REQUEST		Select	1677855744430	1677855744519	OK	 
REQUEST		Page 0	1677855744523	1677855744613	OK	 
REQUEST		Page 1	1677855744646	1677855744735	OK	 
USER	Users	START	1677855744865
REQUEST		Page 2	1677855744941	1677855745030	OK	 
REQUEST		Page 2	1677855744941	1677855745034	OK	 
REQUEST		Home	1677855744864	1677855745212	OK	 
REQUEST		Home Redirect 1	1677855745212	1677855745302	OK	 
REQUEST		Search	1677855745313	1677855745401	OK	 
REQUEST		Search	1677855745313	1677855745401	OK	 
REQUEST		Select	1677855745420	1677855745509	OK	 
REQUEST		Page 0	1677855745529	1677855745618	OK	 
REQUEST		Page 1	1677855745623	1677855745712	OK	 
REQUEST		Page 2	1677855745747	1677855745836	OK	 
USER	Users	START	1677855745856
REQUEST		Page 3	1677855746041	1677855746130	OK	 
REQUEST		Page 3	1677855746041	1677855746135	OK	 
REQUEST		Home	1677855745855	1677855746211	OK	 
REQUEST		Home Redirect 1	1677855746211	1677855746300	OK	 
REQUEST		Search	1677855746304	1677855746393	OK	 
REQUEST		Select	1677855746411	1677855746499	OK	 
REQUEST		Select	1677855746411	1677855746503	OK	 
REQUEST		Page 0	1677855746518	1677855746607	OK	 
REQUEST		Page 1	1677855746629	1677855746717	OK	 
REQUEST		Page 2	1677855746722	1677855746812	OK	 
USER	Users	START	1677855746862
REQUEST		Page 3	1677855746846	1677855746935	OK	 
USER	Users	END	1677855747148
REQUEST		Home	1677855746862	1677855747216	OK	 
REQUEST		Form	1677855747146	1677855747234	OK	 
REQUEST		Home Redirect 1	1677855747217	1677855747308	OK	 
REQUEST		Search	1677855747314	1677855747402	OK	 
REQUEST		Select	1677855747408	1677855747497	OK	 
REQUEST		Page 0	1677855747500	1677855747588	OK	 
REQUEST		Page 0	1677855747516	1677855747605	OK	 
REQUEST		Page 1	1677855747611	1677855747699	OK	 
REQUEST		Page 2	1677855747719	1677855747809	OK	 
USER	Users	START	1677855747862
REQUEST		Page 3	1677855747814	1677855747906	OK	 
USER	Users	END	1677855747938
REQUEST		Home	1677855747861	1677855748212	OK	 
REQUEST		Home Redirect 1	1677855748212	1677855748304	OK	 
REQUEST		Post	1677855748250	1677855748338	OK	 
REQUEST		Search	1677855748312	1677855748405	OK	 
REQUEST		Post Redirect 1	1677855748343	1677855748432	OK	 
USER	Admins	END	1677855748434
REQUEST		Select	1677855748407	1677855748494	OK	 
REQUEST		Page 0	1677855748500	1677855748590	OK	 
REQUEST		Page 1	1677855748594	1677855748684	OK	 
REQUEST		Page 1	1677855748611	1677855748700	OK	 
REQUEST		Page 2	1677855748705	1677855748794	OK	 
REQUEST		Page 3	1677855748813	1677855748903	OK	 
USER	Users	END	1677855748923
REQUEST		Search	1677855749310	1677855749403	OK	 
REQUEST		Select	1677855749417	1677855749509	OK	 
REQUEST		Page 0	1677855749511	1677855749599	OK	 
REQUEST		Page 1	1677855749605	1677855749694	OK	 
REQUEST		Page 2	1677855749696	1677855749787	OK	 
REQUEST		Page 2	1677855749712	1677855749860	OK	 
USER	Users	END	1677855749905
REQUEST		Page 3	1677855749804	1677855749948	OK	 
REQUEST		Select	1677855750407	1677855750499	OK	 
REQUEST		Page 0	1677855750517	1677855750609	OK	 
REQUEST		Page 1	1677855750612	1677855750700	OK	 
REQUEST		Page 2	1677855750706	1677855750794	OK	 
REQUEST		Page 3	1677855750799	1677855750887	OK	 
REQUEST		Page 3	1677855750861	1677855750953	OK	 
USER	Users	END	1677855750954
REQUEST		Page 0	1677855751511	1677855751604	OK	 
REQUEST		Page 1	1677855751619	1677855751711	OK	 
REQUEST		Page 2	1677855751710	1677855751798	OK	 
REQUEST		Page 3	1677855751802	1677855751890	OK	 
USER	Users	END	1677855751955
REQUEST		Form	1677855751894	1677855751983	OK	 
REQUEST		Page 1	1677855752617	1677855752709	OK	 
REQUEST		Page 2	1677855752726	1677855752819	OK	 
REQUEST		Page 3	1677855752804	1677855752893	OK	 
USER	Users	END	1677855752896
REQUEST		Post	1677855752989	1677855753076	OK	 
REQUEST		Post Redirect 1	1677855753076	1677855753165	KO	status.find.is(201), but actually found 200
REQUEST		Form	1677855753169	1677855753257	OK	 
REQUEST		Page 2	1677855753720	1677855753813	OK	 
USER	Users	END	1677855753905
REQUEST		Page 3	1677855753828	1677855753927	OK	 
REQUEST		Post	1677855754259	1677855754346	OK	 
REQUEST		Post Redirect 1	1677855754346	1677855754434	OK	 
USER	Admins	END	1677855754435
REQUEST		Page 3	1677855754816	1677855754909	OK	 
USER	Users	END	1677855754940
USER	Users	END	1677855755913
