RUN	computerdatabase.ComputerDatabaseSimulation	computerdatabasesimulation	1677856593464	 	3.9.2
USER	Users	START	1677856594080
USER	Admins	START	1677856594080
REQUEST		Home	1677856594061	1677856594440	OK	 
REQUEST		Home	1677856594061	1677856594442	OK	 
REQUEST		Home Redirect 1	1677856594448	1677856594555	OK	 
REQUEST		Home Redirect 1	1677856594448	1677856594555	OK	 
USER	Users	START	1677856595039
REQUEST		Home	1677856595038	1677856595392	OK	 
REQUEST		Home Redirect 1	1677856595393	1677856595487	OK	 
REQUEST		Search	1677856595575	1677856595668	OK	 
REQUEST		Search	1677856595575	1677856595668	OK	 
USER	Users	START	1677856596038
REQUEST		Home	1677856596037	1677856596414	OK	 
REQUEST		Home Redirect 1	1677856596415	1677856596512	OK	 
REQUEST		Search	1677856596489	1677856596582	OK	 
REQUEST		Select	1677856596746	1677856596839	OK	 
REQUEST		Select	1677856596743	1677856596839	OK	 
USER	Users	START	1677856597033
REQUEST		Home	1677856597033	1677856597390	OK	 
REQUEST		Home Redirect 1	1677856597390	1677856597483	OK	 
REQUEST		Search	1677856597517	1677856597612	OK	 
REQUEST		Select	1677856597595	1677856597683	OK	 
REQUEST		Page 0	1677856597860	1677856597949	OK	 
REQUEST		Page 0	1677856597860	1677856597954	OK	 
USER	Users	START	1677856598043
REQUEST		Home	1677856598043	1677856598479	OK	 
REQUEST		Home Redirect 1	1677856598479	1677856598572	OK	 
REQUEST		Search	1677856598494	1677856598584	OK	 
REQUEST		Select	1677856598615	1677856598710	OK	 
REQUEST		Page 0	1677856598694	1677856598783	OK	 
USER	Admins	START	1677856599038
USER	Users	START	1677856599039
REQUEST		Page 1	1677856598960	1677856599049	OK	 
REQUEST		Page 1	1677856598960	1677856599054	OK	 
REQUEST		Home	1677856599038	1677856599390	OK	 
REQUEST		Home	1677856599038	1677856599409	OK	 
REQUEST		Home Redirect 1	1677856599391	1677856599487	OK	 
REQUEST		Home Redirect 1	1677856599409	1677856599509	OK	 
REQUEST		Search	1677856599584	1677856599685	OK	 
REQUEST		Select	1677856599600	1677856599688	OK	 
REQUEST		Page 0	1677856599723	1677856599817	OK	 
REQUEST		Page 1	1677856599784	1677856599873	OK	 
USER	Users	START	1677856600034
REQUEST		Page 2	1677856600063	1677856600151	OK	 
REQUEST		Page 2	1677856600063	1677856600156	OK	 
REQUEST		Home	1677856600033	1677856600388	OK	 
REQUEST		Home Redirect 1	1677856600389	1677856600481	OK	 
REQUEST		Search	1677856600499	1677856600591	OK	 
REQUEST		Search	1677856600515	1677856600608	OK	 
REQUEST		Select	1677856600690	1677856600778	OK	 
REQUEST		Page 0	1677856600690	1677856600779	OK	 
REQUEST		Page 1	1677856600832	1677856600927	OK	 
REQUEST		Page 2	1677856600880	1677856600968	OK	 
USER	Users	START	1677856601037
REQUEST		Page 3	1677856601161	1677856601250	OK	 
REQUEST		Page 3	1677856601161	1677856601255	OK	 
REQUEST		Home	1677856601036	1677856601387	OK	 
REQUEST		Home Redirect 1	1677856601387	1677856601477	OK	 
REQUEST		Search	1677856601488	1677856601582	OK	 
REQUEST		Select	1677856601596	1677856601688	OK	 
REQUEST		Select	1677856601612	1677856601711	OK	 
REQUEST		Page 1	1677856601783	1677856601873	OK	 
REQUEST		Page 0	1677856601783	1677856601873	OK	 
USER	Users	START	1677856602033
REQUEST		Page 2	1677856601940	1677856602033	OK	 
REQUEST		Page 3	1677856601971	1677856602059	OK	 
USER	Users	END	1677856602267
REQUEST		Form	1677856602266	1677856602355	OK	 
REQUEST		Home	1677856602032	1677856602387	OK	 
REQUEST		Home Redirect 1	1677856602387	1677856602476	OK	 
REQUEST		Search	1677856602486	1677856602575	OK	 
REQUEST		Select	1677856602595	1677856602688	OK	 
REQUEST		Page 0	1677856602704	1677856602792	OK	 
REQUEST		Page 0	1677856602719	1677856602813	OK	 
REQUEST		Page 2	1677856602875	1677856602965	OK	 
REQUEST		Page 1	1677856602875	1677856602965	OK	 
USER	Users	START	1677856603046
USER	Users	END	1677856603062
REQUEST		Page 3	1677856603046	1677856603134	OK	 
REQUEST		Home	1677856603046	1677856603396	OK	 
REQUEST		Post	1677856603373	1677856603462	OK	 
REQUEST		Home Redirect 1	1677856603396	1677856603484	OK	 
REQUEST		Post Redirect 1	1677856603467	1677856603556	KO	status.find.is(201), but actually found 200
REQUEST		Search	1677856603480	1677856603568	OK	 
REQUEST		Form	1677856603560	1677856603648	OK	 
REQUEST		Select	1677856603588	1677856603676	OK	 
REQUEST		Page 0	1677856603696	1677856603789	OK	 
REQUEST		Page 1	1677856603806	1677856603895	OK	 
REQUEST		Page 1	1677856603822	1677856603915	OK	 
REQUEST		Page 2	1677856603978	1677856604067	OK	 
REQUEST		Page 3	1677856603978	1677856604067	OK	 
USER	Users	END	1677856604136
REQUEST		Search	1677856604495	1677856604583	OK	 
REQUEST		Select	1677856604571	1677856604660	OK	 
REQUEST		Post	1677856604664	1677856604751	OK	 
REQUEST		Page 0	1677856604680	1677856604769	OK	 
REQUEST		Post Redirect 1	1677856604752	1677856604841	KO	status.find.is(201), but actually found 200
USER	Admins	END	1677856604843
REQUEST		Page 1	1677856604805	1677856604899	OK	 
REQUEST		Page 2	1677856604898	1677856604986	OK	 
REQUEST		Page 2	1677856604928	1677856605020	OK	 
USER	Users	END	1677856605070
REQUEST		Page 3	1677856605069	1677856605158	OK	 
REQUEST		Select	1677856605599	1677856605688	OK	 
REQUEST		Page 0	1677856605662	1677856605751	OK	 
REQUEST		Page 1	1677856605772	1677856605860	OK	 
REQUEST		Page 2	1677856605912	1677856606007	OK	 
REQUEST		Page 3	1677856605990	1677856606078	OK	 
REQUEST		Page 3	1677856606037	1677856606129	OK	 
USER	Users	END	1677856606175
REQUEST		Page 0	1677856606699	1677856606788	OK	 
REQUEST		Page 1	1677856606761	1677856606851	OK	 
REQUEST		Page 2	1677856606872	1677856606961	OK	 
REQUEST		Page 3	1677856607011	1677856607104	OK	 
USER	Users	END	1677856607137
REQUEST		Form	1677856607089	1677856607176	OK	 
REQUEST		Page 1	1677856607791	1677856607880	OK	 
REQUEST		Page 2	1677856607855	1677856607943	OK	 
REQUEST		Page 3	1677856607976	1677856608065	OK	 
USER	Users	END	1677856608116
REQUEST		Post	1677856608178	1677856608265	OK	 
REQUEST		Post Redirect 1	1677856608266	1677856608354	KO	status.find.is(201), but actually found 200
REQUEST		Form	1677856608355	1677856608442	OK	 
REQUEST		Page 2	1677856608892	1677856608981	OK	 
REQUEST		Page 3	1677856608955	1677856609043	OK	 
USER	Users	END	1677856609079
REQUEST		Post	1677856609449	1677856609537	OK	 
REQUEST		Post Redirect 1	1677856609537	1677856609625	OK	 
USER	Admins	END	1677856609626
USER	Users	END	1677856610055
REQUEST		Page 3	1677856609992	1677856610081	OK	 
USER	Users	END	1677856611084
