RUN	computerdatabase.ComputerDatabaseSimulation	computerdatabasesimulation	1677855970982	 	3.9.2
USER	Admins	START	1677855971529
USER	Users	START	1677855971529
REQUEST		Home	1677855971514	1677855971881	OK	 
REQUEST		Home	1677855971514	1677855971888	OK	 
REQUEST		Home Redirect 1	1677855971886	1677855971989	OK	 
REQUEST		Home Redirect 1	1677855971888	1677855971988	OK	 
USER	Users	START	1677855972494
REQUEST		Home	1677855972493	1677855972844	OK	 
REQUEST		Home Redirect 1	1677855972844	1677855972937	OK	 
REQUEST		Search	1677855973007	1677855973100	OK	 
REQUEST		Search	1677855973007	1677855973096	OK	 
USER	Users	START	1677855973505
REQUEST		Home	1677855973504	1677855973860	OK	 
REQUEST		Home Redirect 1	1677855973860	1677855973957	OK	 
REQUEST		Search	1677855973940	1677855974030	OK	 
REQUEST		Select	1677855974151	1677855974241	OK	 
REQUEST		Select	1677855974151	1677855974246	OK	 
USER	Users	START	1677855974501
REQUEST		Home	1677855974501	1677855974854	OK	 
REQUEST		Home Redirect 1	1677855974854	1677855974951	OK	 
REQUEST		Search	1677855974967	1677855975060	OK	 
REQUEST		Select	1677855975042	1677855975132	OK	 
REQUEST		Page 0	1677855975260	1677855975350	OK	 
REQUEST		Page 0	1677855975260	1677855975350	OK	 
USER	Users	START	1677855975509
REQUEST		Home	1677855975508	1677855975862	OK	 
REQUEST		Home Redirect 1	1677855975862	1677855975983	OK	 
REQUEST		Search	1677855975956	1677855976079	OK	 
REQUEST		Select	1677855976065	1677855976154	OK	 
REQUEST		Page 0	1677855976142	1677855976231	OK	 
REQUEST		Page 1	1677855976361	1677855976450	OK	 
REQUEST		Page 1	1677855976361	1677855976450	OK	 
USER	Users	START	1677855976499
USER	Admins	START	1677855976499
REQUEST		Home	1677855976498	1677855976847	OK	 
REQUEST		Home	1677855976498	1677855976847	OK	 
REQUEST		Home Redirect 1	1677855976847	1677855976937	OK	 
REQUEST		Home Redirect 1	1677855976847	1677855976937	OK	 
REQUEST		Search	1677855976993	1677855977086	OK	 
REQUEST		Select	1677855977085	1677855977177	OK	 
REQUEST		Page 0	1677855977162	1677855977252	OK	 
REQUEST		Page 1	1677855977240	1677855977329	OK	 
USER	Users	START	1677855977489
REQUEST		Page 2	1677855977458	1677855977548	OK	 
REQUEST		Page 2	1677855977458	1677855977548	OK	 
REQUEST		Home	1677855977489	1677855977840	OK	 
REQUEST		Home Redirect 1	1677855977841	1677855977934	OK	 
REQUEST		Search	1677855977952	1677855978041	OK	 
REQUEST		Search	1677855977953	1677855978041	OK	 
REQUEST		Select	1677855978091	1677855978183	OK	 
REQUEST		Page 0	1677855978183	1677855978274	OK	 
REQUEST		Page 1	1677855978261	1677855978350	OK	 
REQUEST		Page 2	1677855978339	1677855978428	OK	 
USER	Users	START	1677855978497
REQUEST		Page 3	1677855978558	1677855978647	OK	 
REQUEST		Page 3	1677855978558	1677855978647	OK	 
REQUEST		Home	1677855978496	1677855978845	OK	 
REQUEST		Home Redirect 1	1677855978845	1677855978935	OK	 
REQUEST		Search	1677855978945	1677855979037	OK	 
REQUEST		Select	1677855979053	1677855979142	OK	 
REQUEST		Select	1677855979053	1677855979142	OK	 
REQUEST		Page 0	1677855979193	1677855979285	OK	 
REQUEST		Page 1	1677855979287	1677855979376	OK	 
REQUEST		Page 2	1677855979364	1677855979453	OK	 
USER	Users	START	1677855979492
REQUEST		Page 3	1677855979444	1677855979533	OK	 
USER	Users	END	1677855979663
REQUEST		Form	1677855979661	1677855979750	OK	 
REQUEST		Home	1677855979491	1677855979844	OK	 
REQUEST		Home Redirect 1	1677855979845	1677855979938	OK	 
REQUEST		Search	1677855979939	1677855980029	OK	 
REQUEST		Select	1677855980047	1677855980135	OK	 
REQUEST		Page 0	1677855980155	1677855980243	OK	 
REQUEST		Page 0	1677855980155	1677855980243	OK	 
REQUEST		Page 1	1677855980295	1677855980387	OK	 
REQUEST		Page 2	1677855980388	1677855980478	OK	 
USER	Users	START	1677855980499
USER	Users	END	1677855980545
REQUEST		Page 3	1677855980467	1677855980555	OK	 
REQUEST		Home	1677855980498	1677855980845	OK	 
REQUEST		Post	1677855980763	1677855980851	OK	 
REQUEST		Home Redirect 1	1677855980845	1677855980934	OK	 
REQUEST		Post Redirect 1	1677855980855	1677855980944	OK	 
USER	Admins	END	1677855980946
REQUEST		Search	1677855980948	1677855981037	OK	 
REQUEST		Select	1677855981040	1677855981129	OK	 
REQUEST		Page 0	1677855981148	1677855981236	OK	 
REQUEST		Page 1	1677855981256	1677855981345	OK	 
REQUEST		Page 1	1677855981256	1677855981345	OK	 
REQUEST		Page 2	1677855981396	1677855981484	OK	 
USER	Users	END	1677855981566
REQUEST		Page 3	1677855981488	1677855981576	OK	 
REQUEST		Search	1677855981937	1677855982026	OK	 
REQUEST		Select	1677855982042	1677855982130	OK	 
REQUEST		Page 0	1677855982135	1677855982225	OK	 
REQUEST		Page 1	1677855982244	1677855982333	OK	 
REQUEST		Page 2	1677855982352	1677855982442	OK	 
REQUEST		Page 2	1677855982352	1677855982442	OK	 
REQUEST		Page 3	1677855982491	1677855982579	OK	 
USER	Users	END	1677855982586
REQUEST		Select	1677855983032	1677855983120	OK	 
REQUEST		Page 0	1677855983141	1677855983230	OK	 
REQUEST		Page 1	1677855983233	1677855983322	OK	 
REQUEST		Page 2	1677855983341	1677855983430	OK	 
REQUEST		Page 3	1677855983449	1677855983538	OK	 
REQUEST		Page 3	1677855983449	1677855983538	OK	 
USER	Users	END	1677855983589
REQUEST		Page 0	1677855984131	1677855984220	OK	 
REQUEST		Page 1	1677855984239	1677855984327	OK	 
REQUEST		Page 2	1677855984333	1677855984422	OK	 
REQUEST		Page 3	1677855984441	1677855984529	OK	 
USER	Users	END	1677855984550
REQUEST		Form	1677855984549	1677855984637	OK	 
REQUEST		Page 1	1677855985230	1677855985318	OK	 
REQUEST		Page 2	1677855985338	1677855985428	OK	 
REQUEST		Page 3	1677855985430	1677855985520	OK	 
USER	Users	END	1677855985539
REQUEST		Post	1677855985648	1677855985736	OK	 
REQUEST		Post Redirect 1	1677855985736	1677855985824	OK	 
USER	Admins	END	1677855985825
REQUEST		Page 2	1677855986329	1677855986418	OK	 
REQUEST		Page 3	1677855986438	1677855986526	OK	 
USER	Users	END	1677855986530
REQUEST		Page 3	1677855987429	1677855987517	OK	 
USER	Users	END	1677855987538
USER	Users	END	1677855988525
