RUN	computerdatabase.BasicSimulation	basicsimulation	1677854337370	 	3.9.2
USER	Admins	START	1677854338047
USER	Users	START	1677854338047
REQUEST		Home	1677854338030	1677854338233	OK	 
REQUEST		Home	1677854338030	1677854338230	OK	 
REQUEST		Home Redirect 1	1677854338237	1677854338341	OK	 
REQUEST		Home Redirect 1	1677854338237	1677854338342	OK	 
USER	Users	START	1677854338999
REQUEST		Home	1677854338998	1677854339178	OK	 
REQUEST		Home Redirect 1	1677854339179	1677854339274	OK	 
REQUEST		Search	1677854339359	1677854339453	OK	 
REQUEST		Search	1677854339359	1677854339453	OK	 
USER	Users	START	1677854339999
REQUEST		Home	1677854339998	1677854340178	OK	 
REQUEST		Home Redirect 1	1677854340179	1677854340276	OK	 
REQUEST		Search	1677854340276	1677854340369	OK	 
REQUEST		Select	1677854340524	1677854340617	OK	 
REQUEST		Select	1677854340524	1677854340617	OK	 
USER	Users	START	1677854341007
REQUEST		Home	1677854341006	1677854341185	OK	 
REQUEST		Home Redirect 1	1677854341186	1677854341284	OK	 
REQUEST		Search	1677854341286	1677854341379	OK	 
REQUEST		Select	1677854341378	1677854341473	OK	 
REQUEST		Page 0	1677854341629	1677854341722	OK	 
REQUEST		Page 0	1677854341629	1677854341725	OK	 
USER	Users	START	1677854342002
REQUEST		Home	1677854342001	1677854342183	OK	 
REQUEST		Home Redirect 1	1677854342183	1677854342280	OK	 
REQUEST		Search	1677854342294	1677854342387	OK	 
REQUEST		Select	1677854342389	1677854342482	OK	 
REQUEST		Page 0	1677854342483	1677854342577	OK	 
REQUEST		Page 1	1677854342729	1677854342824	OK	 
REQUEST		Page 1	1677854342729	1677854342825	OK	 
USER	Users	START	1677854342996
USER	Admins	START	1677854342996
REQUEST		Home	1677854342995	1677854343181	OK	 
REQUEST		Home	1677854342995	1677854343181	OK	 
REQUEST		Home Redirect 1	1677854343181	1677854343278	OK	 
REQUEST		Home Redirect 1	1677854343181	1677854343278	OK	 
REQUEST		Search	1677854343292	1677854343381	OK	 
REQUEST		Select	1677854343399	1677854343488	OK	 
REQUEST		Page 0	1677854343493	1677854343582	OK	 
REQUEST		Page 1	1677854343586	1677854343680	OK	 
REQUEST		Page 2	1677854343836	1677854343924	OK	 
REQUEST		Page 2	1677854343836	1677854343929	OK	 
USER	Users	START	1677854343993
REQUEST		Home	1677854343993	1677854344171	OK	 
REQUEST		Home Redirect 1	1677854344171	1677854344260	OK	 
REQUEST		Search	1677854344289	1677854344377	OK	 
REQUEST		Search	1677854344289	1677854344382	OK	 
REQUEST		Select	1677854344397	1677854344486	OK	 
REQUEST		Page 0	1677854344490	1677854344578	OK	 
REQUEST		Page 1	1677854344598	1677854344688	OK	 
REQUEST		Page 2	1677854344690	1677854344785	OK	 
USER	Users	START	1677854345003
REQUEST		Page 3	1677854344939	1677854345028	OK	 
REQUEST		Page 3	1677854344939	1677854345028	OK	 
REQUEST		Home	1677854345002	1677854345180	OK	 
REQUEST		Home Redirect 1	1677854345180	1677854345272	OK	 
REQUEST		Search	1677854345266	1677854345354	OK	 
REQUEST		Select	1677854345389	1677854345477	OK	 
REQUEST		Select	1677854345389	1677854345480	OK	 
REQUEST		Page 0	1677854345495	1677854345583	OK	 
REQUEST		Page 1	1677854345590	1677854345739	OK	 
REQUEST		Page 2	1677854345698	1677854345788	OK	 
REQUEST		Page 3	1677854345791	1677854345884	OK	 
USER	Users	START	1677854346007
REQUEST		Page 4	1677854346037	1677854346127	OK	 
REQUEST		Page 4	1677854346037	1677854346127	OK	 
REQUEST		Home	1677854346007	1677854346180	OK	 
REQUEST		Home Redirect 1	1677854346181	1677854346270	OK	 
REQUEST		Search	1677854346276	1677854346368	OK	 
REQUEST		Select	1677854346368	1677854346457	OK	 
REQUEST		Page 0	1677854346493	1677854346581	OK	 
REQUEST		Page 0	1677854346493	1677854346585	OK	 
REQUEST		Page 1	1677854346588	1677854346677	OK	 
REQUEST		Page 2	1677854346744	1677854346833	OK	 
REQUEST		Page 3	1677854346790	1677854346878	OK	 
REQUEST		Page 4	1677854346885	1677854346973	OK	 
USER	Users	START	1677854346994
USER	Users	END	1677854347134
REQUEST		Home	1677854346993	1677854347173	OK	 
REQUEST		Form	1677854347132	1677854347220	OK	 
REQUEST		Home Redirect 1	1677854347173	1677854347265	OK	 
REQUEST		Search	1677854347273	1677854347361	OK	 
REQUEST		Select	1677854347380	1677854347469	OK	 
REQUEST		Page 0	1677854347472	1677854347562	OK	 
REQUEST		Page 1	1677854347583	1677854347672	OK	 
REQUEST		Page 1	1677854347599	1677854347687	OK	 
REQUEST		Page 2	1677854347689	1677854347778	OK	 
REQUEST		Page 3	1677854347846	1677854347934	OK	 
REQUEST		Page 4	1677854347893	1677854347982	OK	 
USER	Users	END	1677854347986
REQUEST		Post	1677854348235	1677854348323	KO	status.find.is(201), but actually found 400
USER	Admins	END	1677854348325
REQUEST		Search	1677854348266	1677854348358	OK	 
REQUEST		Select	1677854348377	1677854348465	OK	 
REQUEST		Page 0	1677854348470	1677854348558	OK	 
REQUEST		Page 1	1677854348579	1677854348667	OK	 
REQUEST		Page 2	1677854348688	1677854348776	OK	 
REQUEST		Page 2	1677854348702	1677854348790	OK	 
REQUEST		Page 3	1677854348780	1677854348869	OK	 
USER	Users	END	1677854348997
REQUEST		Page 4	1677854348950	1677854349039	OK	 
REQUEST		Select	1677854349371	1677854349464	OK	 
REQUEST		Page 0	1677854349479	1677854349567	OK	 
REQUEST		Page 1	1677854349573	1677854349661	OK	 
REQUEST		Page 2	1677854349682	1677854349770	OK	 
REQUEST		Page 3	1677854349790	1677854349878	OK	 
REQUEST		Page 3	1677854349805	1677854349896	OK	 
REQUEST		Page 4	1677854349882	1677854349970	OK	 
USER	Users	END	1677854350053
REQUEST		Page 0	1677854350471	1677854350564	OK	 
REQUEST		Page 1	1677854350581	1677854350671	OK	 
REQUEST		Page 2	1677854350675	1677854350765	OK	 
REQUEST		Page 3	1677854350785	1677854350882	OK	 
REQUEST		Page 4	1677854350881	1677854350970	OK	 
USER	Users	END	1677854350973
REQUEST		Page 4	1677854350911	1677854350999	OK	 
REQUEST		Page 1	1677854351569	1677854351661	OK	 
REQUEST		Page 2	1677854351678	1677854351767	OK	 
REQUEST		Page 3	1677854351771	1677854351860	OK	 
REQUEST		Page 4	1677854351896	1677854351984	OK	 
USER	Users	END	1677854352005
REQUEST		Form	1677854351974	1677854352061	OK	 
REQUEST		Page 2	1677854352663	1677854352756	OK	 
REQUEST		Page 3	1677854352771	1677854352860	OK	 
REQUEST		Page 4	1677854352864	1677854352952	OK	 
USER	Users	END	1677854352989
REQUEST		Post	1677854353068	1677854353159	KO	status.find.is(200), but actually found 400
USER	Admins	END	1677854353159
REQUEST		Page 3	1677854353765	1677854353858	OK	 
REQUEST		Page 4	1677854353876	1677854353966	OK	 
USER	Users	END	1677854353969
REQUEST		Page 4	1677854354870	1677854354957	OK	 
USER	Users	END	1677854354978
USER	Users	END	1677854355962
