RUN	computerdatabase.ComputerDatabaseSimulation	computerdatabasesimulation	1677854511341	 	3.9.2
USER	Users	START	1677854511914
USER	Admins	START	1677854511914
REQUEST		Home	1677854511899	1677854512288	OK	 
REQUEST		Home	1677854511899	1677854512302	OK	 
REQUEST		Home Redirect 1	1677854512294	1677854512397	OK	 
REQUEST		Home Redirect 1	1677854512303	1677854512399	OK	 
USER	Users	START	1677854512884
REQUEST		Home	1677854512883	1677854513240	OK	 
REQUEST		Home Redirect 1	1677854513240	1677854513335	OK	 
REQUEST		Search	1677854513417	1677854513510	OK	 
REQUEST		Search	1677854513417	1677854513511	OK	 
USER	Users	START	1677854513881
REQUEST		Home	1677854513880	1677854514235	OK	 
REQUEST		Home Redirect 1	1677854514235	1677854514332	OK	 
REQUEST		Search	1677854514343	1677854514433	OK	 
REQUEST		Select	1677854514578	1677854514666	OK	 
REQUEST		Select	1677854514578	1677854514671	OK	 
USER	Users	START	1677854514888
REQUEST		Home	1677854514888	1677854515278	OK	 
REQUEST		Home Redirect 1	1677854515278	1677854515374	OK	 
REQUEST		Search	1677854515335	1677854515424	OK	 
REQUEST		Select	1677854515445	1677854515534	OK	 
REQUEST		Page 0	1677854515682	1677854515772	OK	 
REQUEST		Page 0	1677854515682	1677854515774	OK	 
USER	Users	START	1677854515882
REQUEST		Home	1677854515881	1677854516241	OK	 
REQUEST		Home Redirect 1	1677854516241	1677854516330	OK	 
REQUEST		Search	1677854516381	1677854516470	OK	 
REQUEST		Select	1677854516428	1677854516517	OK	 
REQUEST		Page 0	1677854516540	1677854516629	OK	 
USER	Users	START	1677854516870
USER	Admins	START	1677854516870
REQUEST		Page 1	1677854516790	1677854516879	OK	 
REQUEST		Page 1	1677854516790	1677854516884	OK	 
REQUEST		Home	1677854516870	1677854517221	OK	 
REQUEST		Home	1677854516870	1677854517221	OK	 
REQUEST		Home Redirect 1	1677854517222	1677854517310	OK	 
REQUEST		Home Redirect 1	1677854517222	1677854517311	OK	 
REQUEST		Search	1677854517333	1677854517423	OK	 
REQUEST		Select	1677854517475	1677854517563	OK	 
REQUEST		Page 0	1677854517523	1677854517612	OK	 
REQUEST		Page 1	1677854517631	1677854517720	OK	 
USER	Users	START	1677854517881
REQUEST		Page 2	1677854517895	1677854517984	OK	 
REQUEST		Page 2	1677854517895	1677854517989	OK	 
REQUEST		Home	1677854517881	1677854518233	OK	 
REQUEST		Home Redirect 1	1677854518233	1677854518323	OK	 
REQUEST		Search	1677854518315	1677854518404	OK	 
REQUEST		Search	1677854518315	1677854518404	OK	 
REQUEST		Select	1677854518426	1677854518515	OK	 
REQUEST		Page 0	1677854518565	1677854518653	OK	 
REQUEST		Page 1	1677854518628	1677854518717	OK	 
REQUEST		Page 2	1677854518735	1677854518825	OK	 
USER	Users	START	1677854518875
REQUEST		Page 3	1677854518997	1677854519086	OK	 
REQUEST		Page 3	1677854518997	1677854519086	OK	 
REQUEST		Home	1677854518874	1677854519223	OK	 
REQUEST		Home Redirect 1	1677854519224	1677854519313	OK	 
REQUEST		Search	1677854519337	1677854519426	OK	 
REQUEST		Select	1677854519416	1677854519504	OK	 
REQUEST		Select	1677854519416	1677854519504	OK	 
REQUEST		Page 0	1677854519523	1677854519612	OK	 
REQUEST		Page 1	1677854519665	1677854519753	OK	 
REQUEST		Page 2	1677854519728	1677854519816	OK	 
USER	Users	START	1677854519883
REQUEST		Page 3	1677854519837	1677854519926	OK	 
USER	Users	END	1677854520103
REQUEST		Form	1677854520102	1677854520191	OK	 
REQUEST		Home	1677854519883	1677854520230	OK	 
REQUEST		Home Redirect 1	1677854520230	1677854520320	OK	 
REQUEST		Search	1677854520319	1677854520411	OK	 
REQUEST		Select	1677854520428	1677854520519	OK	 
REQUEST		Page 0	1677854520508	1677854520598	OK	 
REQUEST		Page 0	1677854520508	1677854520598	OK	 
REQUEST		Page 1	1677854520617	1677854520706	OK	 
REQUEST		Page 2	1677854520757	1677854520846	OK	 
USER	Users	START	1677854520883
REQUEST		Page 3	1677854520818	1677854520907	OK	 
USER	Users	END	1677854520929
REQUEST		Home	1677854520883	1677854521230	OK	 
REQUEST		Post	1677854521194	1677854521283	OK	 
REQUEST		Home Redirect 1	1677854521231	1677854521322	OK	 
REQUEST		Post Redirect 1	1677854521288	1677854521377	OK	 
USER	Admins	END	1677854521379
REQUEST		Search	1677854521333	1677854521422	OK	 
REQUEST		Select	1677854521425	1677854521514	OK	 
REQUEST		Page 0	1677854521532	1677854521621	OK	 
REQUEST		Page 1	1677854521610	1677854521700	OK	 
REQUEST		Page 1	1677854521610	1677854521705	OK	 
REQUEST		Page 2	1677854521719	1677854521808	OK	 
USER	Users	END	1677854521923
REQUEST		Page 3	1677854521860	1677854521948	OK	 
REQUEST		Search	1677854522325	1677854522413	OK	 
REQUEST		Select	1677854522436	1677854522526	OK	 
REQUEST		Page 0	1677854522529	1677854522618	OK	 
REQUEST		Page 1	1677854522622	1677854522711	OK	 
REQUEST		Page 2	1677854522714	1677854522802	OK	 
REQUEST		Page 2	1677854522714	1677854522803	OK	 
REQUEST		Page 3	1677854522824	1677854522913	OK	 
USER	Users	END	1677854522950
REQUEST		Select	1677854523418	1677854523507	OK	 
REQUEST		Page 0	1677854523528	1677854523617	OK	 
REQUEST		Page 1	1677854523621	1677854523710	OK	 
REQUEST		Page 2	1677854523714	1677854523803	OK	 
REQUEST		Page 3	1677854523807	1677854523896	OK	 
REQUEST		Page 3	1677854523807	1677854523896	OK	 
USER	Users	END	1677854523917
REQUEST		Page 0	1677854524509	1677854524599	OK	 
REQUEST		Page 1	1677854524633	1677854524721	OK	 
REQUEST		Page 2	1677854524727	1677854524816	OK	 
REQUEST		Page 3	1677854524804	1677854524899	OK	 
USER	Users	END	1677854524912
REQUEST		Form	1677854524912	1677854525000	OK	 
REQUEST		Page 1	1677854525613	1677854525703	OK	 
REQUEST		Page 2	1677854525722	1677854525811	OK	 
USER	Users	END	1677854525908
REQUEST		Page 3	1677854525830	1677854525919	OK	 
REQUEST		Post	1677854526003	1677854526091	OK	 
REQUEST		Post Redirect 1	1677854526091	1677854526179	KO	status.find.is(201), but actually found 200
REQUEST		Form	1677854526184	1677854526272	OK	 
REQUEST		Page 2	1677854526717	1677854526805	OK	 
REQUEST		Page 3	1677854526812	1677854526900	OK	 
USER	Users	END	1677854526936
REQUEST		Post	1677854527280	1677854527368	OK	 
REQUEST		Post Redirect 1	1677854527369	1677854527459	OK	 
USER	Admins	END	1677854527459
REQUEST		Page 3	1677854527813	1677854527903	OK	 
USER	Users	END	1677854527908
USER	Users	END	1677854528911
